{"/home/travis/build/npmtest/node-npmtest-nearley/test.js":{"path":"/home/travis/build/npmtest/node-npmtest-nearley/test.js","s":{"1":2,"2":2,"3":2,"4":2,"5":2,"6":2,"7":2,"8":1,"9":2,"10":2,"11":1,"12":1,"13":1,"14":1,"15":2,"16":2,"17":2,"18":2,"19":1,"20":1,"21":2,"22":2,"23":2,"24":1,"25":1,"26":1,"27":1,"28":1,"29":1,"30":1,"31":1,"32":1,"33":1,"34":1,"35":1,"36":1,"37":1,"38":1,"39":2,"40":2,"41":1,"42":2,"43":2,"44":1,"45":2,"46":2,"47":1,"48":2,"49":2,"50":1,"51":1,"52":1,"53":1,"54":1},"b":{"1":[2,1,1,1],"2":[1,1,1,1],"3":[1,1],"4":[1,1],"5":[1,1],"6":[1,1],"7":[1,1],"8":[1,1],"9":[1,1],"10":[1,1,1],"11":[1,1],"12":[1,1],"13":[1,1],"14":[1,1],"15":[1,1],"16":[1,1],"17":[1,1]},"f":{"1":2,"2":2,"3":2,"4":2,"5":2,"6":1,"7":1,"8":1,"9":2,"10":2,"11":2,"12":2,"13":1},"fnMap":{"1":{"name":"(anonymous_1)","line":12,"loc":{"start":{"line":12,"column":1},"end":{"line":12,"column":13}}},"2":{"name":"(anonymous_2)","line":19,"loc":{"start":{"line":19,"column":5},"end":{"line":19,"column":17}}},"3":{"name":"(anonymous_3)","line":23,"loc":{"start":{"line":23,"column":24},"end":{"line":23,"column":36}}},"4":{"name":"(anonymous_4)","line":61,"loc":{"start":{"line":61,"column":5},"end":{"line":61,"column":17}}},"5":{"name":"(anonymous_5)","line":82,"loc":{"start":{"line":82,"column":5},"end":{"line":82,"column":17}}},"6":{"name":"(anonymous_6)","line":91,"loc":{"start":{"line":91,"column":77},"end":{"line":94,"column":10}}},"7":{"name":"(anonymous_7)","line":112,"loc":{"start":{"line":112,"column":83},"end":{"line":115,"column":10}},"skip":true},"8":{"name":"(anonymous_8)","line":123,"loc":{"start":{"line":123,"column":77},"end":{"line":126,"column":10}},"skip":true},"9":{"name":"(anonymous_9)","line":139,"loc":{"start":{"line":139,"column":12},"end":{"line":139,"column":40}},"skip":true},"10":{"name":"(anonymous_10)","line":147,"loc":{"start":{"line":147,"column":77},"end":{"line":150,"column":10}},"skip":true},"11":{"name":"(anonymous_11)","line":158,"loc":{"start":{"line":158,"column":83},"end":{"line":161,"column":10}},"skip":true},"12":{"name":"(anonymous_12)","line":169,"loc":{"start":{"line":169,"column":79},"end":{"line":172,"column":10}},"skip":true},"13":{"name":"(anonymous_13)","line":180,"loc":{"start":{"line":180,"column":75},"end":{"line":183,"column":10}},"skip":true}},"statementMap":{"1":{"start":{"line":12,"column":0},"end":{"line":195,"column":5}},"2":{"start":{"line":14,"column":4},"end":{"line":14,"column":14}},"3":{"start":{"line":19,"column":4},"end":{"line":56,"column":9}},"4":{"start":{"line":21,"column":8},"end":{"line":21,"column":19}},"5":{"start":{"line":23,"column":8},"end":{"line":35,"column":13}},"6":{"start":{"line":24,"column":12},"end":{"line":34,"column":13}},"7":{"start":{"line":25,"column":16},"end":{"line":28,"column":30}},"8":{"start":{"line":30,"column":16},"end":{"line":33,"column":27}},"9":{"start":{"line":37,"column":8},"end":{"line":39,"column":21}},"10":{"start":{"line":40,"column":8},"end":{"line":53,"column":9}},"11":{"start":{"line":43,"column":12},"end":{"line":46,"column":14}},"12":{"start":{"line":47,"column":12},"end":{"line":47,"column":18}},"13":{"start":{"line":50,"column":12},"end":{"line":51,"column":33}},"14":{"start":{"line":52,"column":12},"end":{"line":52,"column":18}},"15":{"start":{"line":55,"column":8},"end":{"line":55,"column":35}},"16":{"start":{"line":61,"column":4},"end":{"line":63,"column":9}},"17":{"start":{"line":62,"column":8},"end":{"line":62,"column":15}},"18":{"start":{"line":64,"column":4},"end":{"line":77,"column":5}},"19":{"start":{"line":70,"column":8},"end":{"line":70,"column":14}},"20":{"start":{"line":76,"column":8},"end":{"line":76,"column":14}},"21":{"start":{"line":82,"column":4},"end":{"line":84,"column":9}},"22":{"start":{"line":83,"column":8},"end":{"line":83,"column":15}},"23":{"start":{"line":85,"column":4},"end":{"line":194,"column":5}},"24":{"start":{"line":91,"column":8},"end":{"line":99,"column":10}},"25":{"start":{"line":98,"column":12},"end":{"line":98,"column":35}},"26":{"start":{"line":102,"column":8},"end":{"line":104,"column":63}},"27":{"start":{"line":105,"column":8},"end":{"line":105,"column":14}},"28":{"start":{"line":112,"column":8},"end":{"line":121,"column":10},"skip":true},"29":{"start":{"line":119,"column":12},"end":{"line":119,"column":55},"skip":true},"30":{"start":{"line":120,"column":12},"end":{"line":120,"column":48},"skip":true},"31":{"start":{"line":123,"column":8},"end":{"line":136,"column":10},"skip":true},"32":{"start":{"line":130,"column":12},"end":{"line":130,"column":76},"skip":true},"33":{"start":{"line":131,"column":12},"end":{"line":131,"column":73},"skip":true},"34":{"start":{"line":132,"column":12},"end":{"line":132,"column":74},"skip":true},"35":{"start":{"line":133,"column":12},"end":{"line":133,"column":79},"skip":true},"36":{"start":{"line":134,"column":12},"end":{"line":134,"column":25},"skip":true},"37":{"start":{"line":135,"column":12},"end":{"line":135,"column":45},"skip":true},"38":{"start":{"line":138,"column":8},"end":{"line":145,"column":14},"skip":true},"39":{"start":{"line":143,"column":16},"end":{"line":143,"column":29},"skip":true},"40":{"start":{"line":144,"column":16},"end":{"line":144,"column":55},"skip":true},"41":{"start":{"line":147,"column":8},"end":{"line":156,"column":10},"skip":true},"42":{"start":{"line":154,"column":12},"end":{"line":154,"column":25},"skip":true},"43":{"start":{"line":155,"column":12},"end":{"line":155,"column":45},"skip":true},"44":{"start":{"line":158,"column":8},"end":{"line":167,"column":10},"skip":true},"45":{"start":{"line":165,"column":12},"end":{"line":165,"column":25},"skip":true},"46":{"start":{"line":166,"column":12},"end":{"line":166,"column":48},"skip":true},"47":{"start":{"line":169,"column":8},"end":{"line":178,"column":10},"skip":true},"48":{"start":{"line":176,"column":12},"end":{"line":176,"column":25},"skip":true},"49":{"start":{"line":177,"column":12},"end":{"line":177,"column":46},"skip":true},"50":{"start":{"line":180,"column":8},"end":{"line":189,"column":10},"skip":true},"51":{"start":{"line":187,"column":12},"end":{"line":187,"column":94},"skip":true},"52":{"start":{"line":188,"column":12},"end":{"line":188,"column":48},"skip":true},"53":{"start":{"line":192,"column":8},"end":{"line":192,"column":35},"skip":true},"54":{"start":{"line":193,"column":8},"end":{"line":193,"column":14},"skip":true}},"branchMap":{"1":{"line":25,"type":"binary-expr","locations":[{"start":{"line":25,"column":23},"end":{"line":25,"column":62}},{"start":{"line":26,"column":20},"end":{"line":26,"column":70}},{"start":{"line":27,"column":20},"end":{"line":27,"column":71}},{"start":{"line":28,"column":20},"end":{"line":28,"column":29}}]},"2":{"line":30,"type":"binary-expr","locations":[{"start":{"line":30,"column":23},"end":{"line":30,"column":37}},{"start":{"line":31,"column":20},"end":{"line":31,"column":61}},{"start":{"line":32,"column":20},"end":{"line":32,"column":70}},{"start":{"line":33,"column":20},"end":{"line":33,"column":26}}]},"3":{"line":37,"type":"cond-expr","locations":[{"start":{"line":38,"column":14},"end":{"line":38,"column":20}},{"start":{"line":39,"column":14},"end":{"line":39,"column":20}}]},"4":{"line":40,"type":"switch","locations":[{"start":{"line":42,"column":8},"end":{"line":47,"column":18}},{"start":{"line":49,"column":8},"end":{"line":52,"column":18}}]},"5":{"line":44,"type":"binary-expr","locations":[{"start":{"line":44,"column":16},"end":{"line":44,"column":44}},{"start":{"line":44,"column":48},"end":{"line":44,"column":66}}]},"6":{"line":50,"type":"binary-expr","locations":[{"start":{"line":50,"column":21},"end":{"line":50,"column":49}},{"start":{"line":50,"column":53},"end":{"line":50,"column":72}}]},"7":{"line":64,"type":"switch","locations":[{"start":{"line":69,"column":4},"end":{"line":70,"column":14}},{"start":{"line":75,"column":4},"end":{"line":76,"column":14}}]},"8":{"line":85,"type":"switch","locations":[{"start":{"line":90,"column":4},"end":{"line":105,"column":14}},{"start":{"line":111,"column":4},"end":{"line":193,"column":14},"skip":true}]},"9":{"line":91,"type":"binary-expr","locations":[{"start":{"line":91,"column":42},"end":{"line":91,"column":73}},{"start":{"line":91,"column":77},"end":{"line":99,"column":9}}]},"10":{"line":102,"type":"binary-expr","locations":[{"start":{"line":102,"column":18},"end":{"line":102,"column":32}},{"start":{"line":103,"column":12},"end":{"line":103,"column":53}},{"start":{"line":104,"column":12},"end":{"line":104,"column":61}}]},"11":{"line":112,"type":"binary-expr","locations":[{"start":{"line":112,"column":45},"end":{"line":112,"column":79},"skip":true},{"start":{"line":112,"column":83},"end":{"line":121,"column":9},"skip":true}]},"12":{"line":123,"type":"binary-expr","locations":[{"start":{"line":123,"column":42},"end":{"line":123,"column":73},"skip":true},{"start":{"line":123,"column":77},"end":{"line":136,"column":9},"skip":true}]},"13":{"line":138,"type":"binary-expr","locations":[{"start":{"line":138,"column":48},"end":{"line":138,"column":85},"skip":true},{"start":{"line":139,"column":12},"end":{"line":145,"column":13},"skip":true}]},"14":{"line":147,"type":"binary-expr","locations":[{"start":{"line":147,"column":42},"end":{"line":147,"column":73},"skip":true},{"start":{"line":147,"column":77},"end":{"line":156,"column":9},"skip":true}]},"15":{"line":158,"type":"binary-expr","locations":[{"start":{"line":158,"column":45},"end":{"line":158,"column":79},"skip":true},{"start":{"line":158,"column":83},"end":{"line":167,"column":9},"skip":true}]},"16":{"line":169,"type":"binary-expr","locations":[{"start":{"line":169,"column":43},"end":{"line":169,"column":75},"skip":true},{"start":{"line":169,"column":79},"end":{"line":178,"column":9},"skip":true}]},"17":{"line":180,"type":"binary-expr","locations":[{"start":{"line":180,"column":41},"end":{"line":180,"column":71},"skip":true},{"start":{"line":180,"column":75},"end":{"line":189,"column":9},"skip":true}]}},"code":["/* istanbul instrument in package npmtest_nearley */","/*jslint","    bitwise: true,","    browser: true,","    maxerr: 8,","    maxlen: 96,","    node: true,","    nomen: true,","    regexp: true,","    stupid: true","*/","(function () {","    'use strict';","    var local;","","","","    // run shared js-env code - pre-init","    (function () {","        // init local","        local = {};","        // init modeJs","        local.modeJs = (function () {","            try {","                return typeof navigator.userAgent === 'string' &&","                    typeof document.querySelector('body') === 'object' &&","                    typeof XMLHttpRequest.prototype.open === 'function' &&","                    'browser';","            } catch (errorCaughtBrowser) {","                return module.exports &&","                    typeof process.versions.node === 'string' &&","                    typeof require('http').createServer === 'function' &&","                    'node';","            }","        }());","        // init global","        local.global = local.modeJs === 'browser'","            ? window","            : global;","        switch (local.modeJs) {","        // re-init local from window.local","        case 'browser':","            local = local.global.utility2.objectSetDefault(","                local.global.utility2_rollup || local.global.local,","                local.global.utility2","            );","            break;","        // re-init local from example.js","        case 'node':","            local = (local.global.utility2_rollup || require('utility2'))","                .requireReadme();","            break;","        }","        // export local","        local.global.local = local;","    }());","","","","    // run shared js-env code - function","    (function () {","        return;","    }());","    switch (local.modeJs) {","","","","    // run browser js-env code - function","    case 'browser':","        break;","","","","    // run node js-env code - function","    case 'node':","        break;","    }","","","","    // run shared js-env code - post-init","    (function () {","        return;","    }());","    switch (local.modeJs) {","","","","    // run browser js-env code - post-init","    case 'browser':","        local.testCase_browser_nullCase = local.testCase_browser_nullCase || function (","            options,","            onError","        ) {","        /*","         * this function will test browsers's null-case handling-behavior-behavior","         */","            onError(null, options);","        };","","        // run tests","        local.nop(local.modeTest &&","            document.querySelector('#testRunButton1') &&","            document.querySelector('#testRunButton1').click());","        break;","","","","    // run node js-env code - post-init","    /* istanbul ignore next */","    case 'node':","        local.testCase_buildApidoc_default = local.testCase_buildApidoc_default || function (","            options,","            onError","        ) {","        /*","         * this function will test buildApidoc's default handling-behavior-behavior","         */","            options = { modulePathList: module.paths };","            local.buildApidoc(options, onError);","        };","","        local.testCase_buildApp_default = local.testCase_buildApp_default || function (","            options,","            onError","        ) {","        /*","         * this function will test buildApp's default handling-behavior-behavior","         */","            local.testCase_buildReadme_default(options, local.onErrorThrow);","            local.testCase_buildLib_default(options, local.onErrorThrow);","            local.testCase_buildTest_default(options, local.onErrorThrow);","            local.testCase_buildCustomOrg_default(options, local.onErrorThrow);","            options = [];","            local.buildApp(options, onError);","        };","","        local.testCase_buildCustomOrg_default = local.testCase_buildCustomOrg_default ||","            function (options, onError) {","            /*","             * this function will test buildCustomOrg's default handling-behavior","             */","                options = {};","                local.buildCustomOrg(options, onError);","            };","","        local.testCase_buildLib_default = local.testCase_buildLib_default || function (","            options,","            onError","        ) {","        /*","         * this function will test buildLib's default handling-behavior","         */","            options = {};","            local.buildLib(options, onError);","        };","","        local.testCase_buildReadme_default = local.testCase_buildReadme_default || function (","            options,","            onError","        ) {","        /*","         * this function will test buildReadme's default handling-behavior-behavior","         */","            options = {};","            local.buildReadme(options, onError);","        };","","        local.testCase_buildTest_default = local.testCase_buildTest_default || function (","            options,","            onError","        ) {","        /*","         * this function will test buildTest's default handling-behavior","         */","            options = {};","            local.buildTest(options, onError);","        };","","        local.testCase_webpage_default = local.testCase_webpage_default || function (","            options,","            onError","        ) {","        /*","         * this function will test webpage's default handling-behavior","         */","            options = { modeCoverageMerge: true, url: local.serverLocalHost + '?modeTest=1' };","            local.browserTest(options, onError);","        };","","        // run test-server","        local.testRunServer(local);","        break;","    }","}());",""],"l":{"12":2,"14":2,"19":2,"21":2,"23":2,"24":2,"25":2,"30":1,"37":2,"40":2,"43":1,"47":1,"50":1,"52":1,"55":2,"61":2,"62":2,"64":2,"70":1,"76":1,"82":2,"83":2,"85":2,"91":1,"98":1,"102":1,"105":1,"112":1,"119":1,"120":1,"123":1,"130":1,"131":1,"132":1,"133":1,"134":1,"135":1,"138":1,"143":2,"144":2,"147":1,"154":2,"155":2,"158":1,"165":2,"166":2,"169":1,"176":2,"177":2,"180":1,"187":1,"188":1,"192":1,"193":1}},"/home/travis/build/npmtest/node-npmtest-nearley/lib.npmtest_nearley.js":{"path":"/home/travis/build/npmtest/node-npmtest-nearley/lib.npmtest_nearley.js","s":{"1":2,"2":2,"3":2,"4":2,"5":2,"6":2,"7":2,"8":1,"9":2,"10":2,"11":2,"12":2,"13":1,"14":1,"15":1,"16":1},"b":{"1":[2,1,1,1],"2":[1,1,1,1],"3":[1,1],"4":[2,2],"5":[1,1]},"f":{"1":2,"2":2,"3":2},"fnMap":{"1":{"name":"(anonymous_1)","line":12,"loc":{"start":{"line":12,"column":1},"end":{"line":12,"column":13}}},"2":{"name":"(anonymous_2)","line":19,"loc":{"start":{"line":19,"column":5},"end":{"line":19,"column":17}}},"3":{"name":"(anonymous_3)","line":23,"loc":{"start":{"line":23,"column":24},"end":{"line":23,"column":36}}}},"statementMap":{"1":{"start":{"line":12,"column":0},"end":{"line":53,"column":5}},"2":{"start":{"line":14,"column":4},"end":{"line":14,"column":14}},"3":{"start":{"line":19,"column":4},"end":{"line":52,"column":9}},"4":{"start":{"line":21,"column":8},"end":{"line":21,"column":19}},"5":{"start":{"line":23,"column":8},"end":{"line":35,"column":13}},"6":{"start":{"line":24,"column":12},"end":{"line":34,"column":13}},"7":{"start":{"line":25,"column":16},"end":{"line":28,"column":30}},"8":{"start":{"line":30,"column":16},"end":{"line":33,"column":27}},"9":{"start":{"line":37,"column":8},"end":{"line":39,"column":21}},"10":{"start":{"line":41,"column":8},"end":{"line":41,"column":54}},"11":{"start":{"line":43,"column":8},"end":{"line":43,"column":52}},"12":{"start":{"line":45,"column":8},"end":{"line":51,"column":9}},"13":{"start":{"line":46,"column":12},"end":{"line":46,"column":58}},"14":{"start":{"line":48,"column":12},"end":{"line":48,"column":35}},"15":{"start":{"line":49,"column":12},"end":{"line":49,"column":49}},"16":{"start":{"line":50,"column":12},"end":{"line":50,"column":43}}},"branchMap":{"1":{"line":25,"type":"binary-expr","locations":[{"start":{"line":25,"column":23},"end":{"line":25,"column":62}},{"start":{"line":26,"column":20},"end":{"line":26,"column":70}},{"start":{"line":27,"column":20},"end":{"line":27,"column":71}},{"start":{"line":28,"column":20},"end":{"line":28,"column":29}}]},"2":{"line":30,"type":"binary-expr","locations":[{"start":{"line":30,"column":23},"end":{"line":30,"column":37}},{"start":{"line":31,"column":20},"end":{"line":31,"column":61}},{"start":{"line":32,"column":20},"end":{"line":32,"column":70}},{"start":{"line":33,"column":20},"end":{"line":33,"column":26}}]},"3":{"line":37,"type":"cond-expr","locations":[{"start":{"line":38,"column":14},"end":{"line":38,"column":20}},{"start":{"line":39,"column":14},"end":{"line":39,"column":20}}]},"4":{"line":41,"type":"binary-expr","locations":[{"start":{"line":41,"column":16},"end":{"line":41,"column":44}},{"start":{"line":41,"column":48},"end":{"line":41,"column":53}}]},"5":{"line":45,"type":"if","locations":[{"start":{"line":45,"column":8},"end":{"line":45,"column":8}},{"start":{"line":45,"column":8},"end":{"line":45,"column":8}}]}},"code":["/* istanbul instrument in package npmtest_nearley */","/*jslint","    bitwise: true,","    browser: true,","    maxerr: 8,","    maxlen: 96,","    node: true,","    nomen: true,","    regexp: true,","    stupid: true","*/","(function () {","    'use strict';","    var local;","","","","    // run shared js-env code - pre-init","    (function () {","        // init local","        local = {};","        // init modeJs","        local.modeJs = (function () {","            try {","                return typeof navigator.userAgent === 'string' &&","                    typeof document.querySelector('body') === 'object' &&","                    typeof XMLHttpRequest.prototype.open === 'function' &&","                    'browser';","            } catch (errorCaughtBrowser) {","                return module.exports &&","                    typeof process.versions.node === 'string' &&","                    typeof require('http').createServer === 'function' &&","                    'node';","            }","        }());","        // init global","        local.global = local.modeJs === 'browser'","            ? window","            : global;","        // init utility2_rollup","        local = local.global.utility2_rollup || local;","        // init lib","        local.local = local.npmtest_nearley = local;","        // init exports","        if (local.modeJs === 'browser') {","            local.global.utility2_npmtest_nearley = local;","        } else {","            module.exports = local;","            module.exports.__dirname = __dirname;","            module.exports.module = module;","        }","    }());","}());",""],"l":{"12":2,"14":2,"19":2,"21":2,"23":2,"24":2,"25":2,"30":1,"37":2,"41":2,"43":2,"45":2,"46":1,"48":1,"49":1,"50":1}},"/home/travis/build/npmtest/node-npmtest-nearley/example.js":{"path":"/home/travis/build/npmtest/node-npmtest-nearley/example.js","s":{"1":2,"2":2,"3":2,"4":2,"5":2,"6":2,"7":2,"8":1,"9":2,"10":2,"11":2,"12":2,"13":1,"14":2,"15":2,"16":2,"17":2,"18":2,"19":0,"20":2,"21":1,"22":1,"23":1,"24":1,"25":1,"26":0,"27":0,"28":1,"29":1,"30":2,"31":0,"32":0,"33":0,"34":1,"35":2,"36":2,"37":3,"38":3,"39":3,"40":3,"41":0,"42":3,"43":3,"44":3,"45":1,"46":3,"47":1,"48":1,"49":1,"50":1,"51":1,"52":1,"53":1,"54":1,"55":1,"56":1,"57":0,"58":1,"59":6,"60":6,"61":1,"62":2,"63":0,"64":2,"65":1,"66":1,"67":0,"68":0,"69":0,"70":0,"71":0,"72":0,"73":0,"74":0,"75":0,"76":0,"77":0,"78":0,"79":0,"80":0,"81":0,"82":0,"83":0},"b":{"1":[2,1,1,1],"2":[1,1,1,1],"3":[1,1],"4":[2,2],"5":[1,1],"6":[1,1],"7":[2,0],"8":[2,1,1,1,1,1],"9":[0,2,0],"10":[1,1],"11":[2,1,1],"12":[1,0],"13":[0,2],"14":[2,0,0,0,0,0,0],"15":[0,3],"16":[3,0],"17":[1,1],"18":[0,1],"19":[1,2,0,2],"20":[1,0],"21":[1,1],"22":[0,0],"23":[0,0],"24":[0,0],"25":[0,0],"26":[0,0],"27":[0,0],"28":[0,0]},"f":{"1":2,"2":2,"3":2,"4":2,"5":2,"6":2,"7":3,"8":3,"9":3,"10":1,"11":6,"12":0},"fnMap":{"1":{"name":"(anonymous_1)","line":26,"loc":{"start":{"line":26,"column":1},"end":{"line":26,"column":13}}},"2":{"name":"(anonymous_2)","line":33,"loc":{"start":{"line":33,"column":5},"end":{"line":33,"column":17}}},"3":{"name":"(anonymous_3)","line":37,"loc":{"start":{"line":37,"column":24},"end":{"line":37,"column":36}}},"4":{"name":"(anonymous_4)","line":69,"loc":{"start":{"line":69,"column":31},"end":{"line":69,"column":48}},"skip":true},"5":{"name":"(anonymous_5)","line":78,"loc":{"start":{"line":78,"column":26},"end":{"line":78,"column":45}},"skip":true},"6":{"name":"(anonymous_6)","line":123,"loc":{"start":{"line":123,"column":33},"end":{"line":123,"column":48}},"skip":true},"7":{"name":"(anonymous_7)","line":125,"loc":{"start":{"line":125,"column":27},"end":{"line":125,"column":39}},"skip":true},"8":{"name":"(anonymous_8)","line":133,"loc":{"start":{"line":133,"column":59},"end":{"line":133,"column":74}},"skip":true},"9":{"name":"(anonymous_9)","line":143,"loc":{"start":{"line":143,"column":45},"end":{"line":143,"column":62}},"skip":true},"10":{"name":"(anonymous_10)","line":144,"loc":{"start":{"line":144,"column":73},"end":{"line":144,"column":92}},"skip":true},"11":{"name":"(anonymous_11)","line":272,"loc":{"start":{"line":272,"column":51},"end":{"line":272,"column":77}},"skip":true},"12":{"name":"(anonymous_12)","line":315,"loc":{"start":{"line":315,"column":32},"end":{"line":315,"column":61}},"skip":true}},"statementMap":{"1":{"start":{"line":26,"column":0},"end":{"line":326,"column":5}},"2":{"start":{"line":28,"column":4},"end":{"line":28,"column":14}},"3":{"start":{"line":33,"column":4},"end":{"line":60,"column":9}},"4":{"start":{"line":35,"column":8},"end":{"line":35,"column":19}},"5":{"start":{"line":37,"column":8},"end":{"line":49,"column":13}},"6":{"start":{"line":38,"column":12},"end":{"line":48,"column":13}},"7":{"start":{"line":39,"column":16},"end":{"line":42,"column":30}},"8":{"start":{"line":44,"column":16},"end":{"line":47,"column":27}},"9":{"start":{"line":51,"column":8},"end":{"line":53,"column":21}},"10":{"start":{"line":55,"column":8},"end":{"line":57,"column":45}},"11":{"start":{"line":59,"column":8},"end":{"line":59,"column":35}},"12":{"start":{"line":61,"column":4},"end":{"line":325,"column":5}},"13":{"start":{"line":69,"column":8},"end":{"line":121,"column":10},"skip":true},"14":{"start":{"line":70,"column":12},"end":{"line":88,"column":13},"skip":true},"15":{"start":{"line":76,"column":16},"end":{"line":87,"column":19},"skip":true},"16":{"start":{"line":79,"column":20},"end":{"line":86,"column":21},"skip":true},"17":{"start":{"line":82,"column":24},"end":{"line":82,"column":43},"skip":true},"18":{"start":{"line":83,"column":24},"end":{"line":83,"column":30},"skip":true},"19":{"start":{"line":85,"column":24},"end":{"line":85,"column":49},"skip":true},"20":{"start":{"line":89,"column":12},"end":{"line":107,"column":13},"skip":true},"21":{"start":{"line":92,"column":16},"end":{"line":102,"column":17},"skip":true},"22":{"start":{"line":93,"column":20},"end":{"line":93,"column":86},"skip":true},"23":{"start":{"line":94,"column":20},"end":{"line":95,"column":45},"skip":true},"24":{"start":{"line":96,"column":20},"end":{"line":96,"column":42},"skip":true},"25":{"start":{"line":97,"column":20},"end":{"line":97,"column":48},"skip":true},"26":{"start":{"line":100,"column":20},"end":{"line":100,"column":85},"skip":true},"27":{"start":{"line":101,"column":20},"end":{"line":101,"column":96},"skip":true},"28":{"start":{"line":103,"column":16},"end":{"line":103,"column":22},"skip":true},"29":{"start":{"line":106,"column":16},"end":{"line":106,"column":22},"skip":true},"30":{"start":{"line":108,"column":12},"end":{"line":120,"column":13},"skip":true},"31":{"start":{"line":114,"column":16},"end":{"line":119,"column":17},"skip":true},"32":{"start":{"line":116,"column":20},"end":{"line":116,"column":78},"skip":true},"33":{"start":{"line":118,"column":20},"end":{"line":118,"column":47},"skip":true},"34":{"start":{"line":123,"column":8},"end":{"line":141,"column":11},"skip":true},"35":{"start":{"line":124,"column":12},"end":{"line":124,"column":54},"skip":true},"36":{"start":{"line":125,"column":12},"end":{"line":140,"column":14},"skip":true},"37":{"start":{"line":126,"column":16},"end":{"line":126,"column":28},"skip":true},"38":{"start":{"line":127,"column":16},"end":{"line":127,"column":69},"skip":true},"39":{"start":{"line":128,"column":16},"end":{"line":128,"column":75},"skip":true},"40":{"start":{"line":129,"column":16},"end":{"line":131,"column":17},"skip":true},"41":{"start":{"line":130,"column":20},"end":{"line":130,"column":27},"skip":true},"42":{"start":{"line":133,"column":16},"end":{"line":137,"column":36},"skip":true},"43":{"start":{"line":134,"column":20},"end":{"line":136,"column":55},"skip":true},"44":{"start":{"line":139,"column":16},"end":{"line":139,"column":57},"skip":true},"45":{"start":{"line":143,"column":8},"end":{"line":147,"column":11},"skip":true},"46":{"start":{"line":144,"column":12},"end":{"line":146,"column":15},"skip":true},"47":{"start":{"line":145,"column":16},"end":{"line":145,"column":70},"skip":true},"48":{"start":{"line":149,"column":8},"end":{"line":149,"column":31},"skip":true},"49":{"start":{"line":150,"column":8},"end":{"line":150,"column":14},"skip":true},"50":{"start":{"line":158,"column":8},"end":{"line":158,"column":31},"skip":true},"51":{"start":{"line":160,"column":8},"end":{"line":160,"column":33},"skip":true},"52":{"start":{"line":161,"column":8},"end":{"line":161,"column":37},"skip":true},"53":{"start":{"line":162,"column":8},"end":{"line":162,"column":35},"skip":true},"54":{"start":{"line":164,"column":8},"end":{"line":164,"column":50},"skip":true},"55":{"start":{"line":166,"column":8},"end":{"line":256,"column":2},"skip":true},"56":{"start":{"line":258,"column":8},"end":{"line":286,"column":9},"skip":true},"57":{"start":{"line":259,"column":12},"end":{"line":269,"column":14},"skip":true},"58":{"start":{"line":271,"column":12},"end":{"line":285,"column":19},"skip":true},"59":{"start":{"line":274,"column":20},"end":{"line":274,"column":35},"skip":true},"60":{"start":{"line":275,"column":20},"end":{"line":284,"column":21},"skip":true},"61":{"start":{"line":277,"column":24},"end":{"line":277,"column":64},"skip":true},"62":{"start":{"line":279,"column":24},"end":{"line":279,"column":40},"skip":true},"63":{"start":{"line":281,"column":24},"end":{"line":281,"column":40},"skip":true},"64":{"start":{"line":283,"column":24},"end":{"line":283,"column":39},"skip":true},"65":{"start":{"line":288,"column":8},"end":{"line":290,"column":9},"skip":true},"66":{"start":{"line":289,"column":12},"end":{"line":289,"column":18},"skip":true},"67":{"start":{"line":291,"column":8},"end":{"line":293,"column":54},"skip":true},"68":{"start":{"line":296,"column":8},"end":{"line":301,"column":37},"skip":true},"69":{"start":{"line":303,"column":8},"end":{"line":303,"column":82},"skip":true},"70":{"start":{"line":306,"column":8},"end":{"line":308,"column":9},"skip":true},"71":{"start":{"line":307,"column":12},"end":{"line":307,"column":82},"skip":true},"72":{"start":{"line":310,"column":8},"end":{"line":312,"column":9},"skip":true},"73":{"start":{"line":311,"column":12},"end":{"line":311,"column":18},"skip":true},"74":{"start":{"line":313,"column":8},"end":{"line":313,"column":54},"skip":true},"75":{"start":{"line":314,"column":8},"end":{"line":314,"column":69},"skip":true},"76":{"start":{"line":315,"column":8},"end":{"line":323,"column":36},"skip":true},"77":{"start":{"line":316,"column":12},"end":{"line":316,"column":61},"skip":true},"78":{"start":{"line":317,"column":12},"end":{"line":320,"column":13},"skip":true},"79":{"start":{"line":318,"column":16},"end":{"line":318,"column":75},"skip":true},"80":{"start":{"line":319,"column":16},"end":{"line":319,"column":23},"skip":true},"81":{"start":{"line":321,"column":12},"end":{"line":321,"column":38},"skip":true},"82":{"start":{"line":322,"column":12},"end":{"line":322,"column":27},"skip":true},"83":{"start":{"line":324,"column":8},"end":{"line":324,"column":14},"skip":true}},"branchMap":{"1":{"line":39,"type":"binary-expr","locations":[{"start":{"line":39,"column":23},"end":{"line":39,"column":62}},{"start":{"line":40,"column":20},"end":{"line":40,"column":70}},{"start":{"line":41,"column":20},"end":{"line":41,"column":71}},{"start":{"line":42,"column":20},"end":{"line":42,"column":29}}]},"2":{"line":44,"type":"binary-expr","locations":[{"start":{"line":44,"column":23},"end":{"line":44,"column":37}},{"start":{"line":45,"column":20},"end":{"line":45,"column":61}},{"start":{"line":46,"column":20},"end":{"line":46,"column":70}},{"start":{"line":47,"column":20},"end":{"line":47,"column":26}}]},"3":{"line":51,"type":"cond-expr","locations":[{"start":{"line":52,"column":14},"end":{"line":52,"column":20}},{"start":{"line":53,"column":14},"end":{"line":53,"column":20}}]},"4":{"line":55,"type":"binary-expr","locations":[{"start":{"line":55,"column":16},"end":{"line":55,"column":44}},{"start":{"line":55,"column":49},"end":{"line":57,"column":43}}]},"5":{"line":55,"type":"cond-expr","locations":[{"start":{"line":56,"column":14},"end":{"line":56,"column":51}},{"start":{"line":57,"column":14},"end":{"line":57,"column":43}}]},"6":{"line":61,"type":"switch","locations":[{"start":{"line":68,"column":4},"end":{"line":150,"column":14},"skip":true},{"start":{"line":156,"column":4},"end":{"line":324,"column":14},"skip":true}]},"7":{"line":70,"type":"if","locations":[{"start":{"line":70,"column":12},"end":{"line":70,"column":12},"skip":true},{"start":{"line":70,"column":12},"end":{"line":70,"column":12},"skip":true}]},"8":{"line":70,"type":"binary-expr","locations":[{"start":{"line":70,"column":16},"end":{"line":70,"column":22},"skip":true},{"start":{"line":70,"column":27},"end":{"line":70,"column":32},"skip":true},{"start":{"line":71,"column":20},"end":{"line":71,"column":39},"skip":true},{"start":{"line":72,"column":20},"end":{"line":72,"column":49},"skip":true},{"start":{"line":73,"column":20},"end":{"line":73,"column":58},"skip":true},{"start":{"line":74,"column":20},"end":{"line":74,"column":69},"skip":true}]},"9":{"line":79,"type":"switch","locations":[{"start":{"line":80,"column":20},"end":{"line":80,"column":33},"skip":true},{"start":{"line":81,"column":20},"end":{"line":83,"column":30},"skip":true},{"start":{"line":84,"column":20},"end":{"line":85,"column":49},"skip":true}]},"10":{"line":89,"type":"switch","locations":[{"start":{"line":90,"column":12},"end":{"line":103,"column":22},"skip":true},{"start":{"line":105,"column":12},"end":{"line":106,"column":22},"skip":true}]},"11":{"line":89,"type":"binary-expr","locations":[{"start":{"line":89,"column":20},"end":{"line":89,"column":25},"skip":true},{"start":{"line":89,"column":29},"end":{"line":89,"column":48},"skip":true},{"start":{"line":89,"column":52},"end":{"line":89,"column":74},"skip":true}]},"12":{"line":92,"type":"if","locations":[{"start":{"line":92,"column":16},"end":{"line":92,"column":16},"skip":true},{"start":{"line":92,"column":16},"end":{"line":92,"column":16},"skip":true}]},"13":{"line":108,"type":"if","locations":[{"start":{"line":108,"column":12},"end":{"line":108,"column":12},"skip":true},{"start":{"line":108,"column":12},"end":{"line":108,"column":12},"skip":true}]},"14":{"line":108,"type":"binary-expr","locations":[{"start":{"line":108,"column":16},"end":{"line":108,"column":61},"skip":true},{"start":{"line":108,"column":66},"end":{"line":108,"column":72},"skip":true},{"start":{"line":108,"column":77},"end":{"line":108,"column":82},"skip":true},{"start":{"line":109,"column":20},"end":{"line":109,"column":39},"skip":true},{"start":{"line":110,"column":20},"end":{"line":110,"column":49},"skip":true},{"start":{"line":111,"column":20},"end":{"line":111,"column":58},"skip":true},{"start":{"line":112,"column":20},"end":{"line":112,"column":68},"skip":true}]},"15":{"line":129,"type":"if","locations":[{"start":{"line":129,"column":16},"end":{"line":129,"column":16},"skip":true},{"start":{"line":129,"column":16},"end":{"line":129,"column":16},"skip":true}]},"16":{"line":134,"type":"cond-expr","locations":[{"start":{"line":135,"column":26},"end":{"line":135,"column":29},"skip":true},{"start":{"line":136,"column":26},"end":{"line":136,"column":54},"skip":true}]},"17":{"line":164,"type":"binary-expr","locations":[{"start":{"line":164,"column":27},"end":{"line":164,"column":43},"skip":true},{"start":{"line":164,"column":47},"end":{"line":164,"column":49},"skip":true}]},"18":{"line":258,"type":"if","locations":[{"start":{"line":258,"column":8},"end":{"line":258,"column":8},"skip":true},{"start":{"line":258,"column":8},"end":{"line":258,"column":8},"skip":true}]},"19":{"line":275,"type":"switch","locations":[{"start":{"line":276,"column":20},"end":{"line":277,"column":64},"skip":true},{"start":{"line":278,"column":20},"end":{"line":279,"column":40},"skip":true},{"start":{"line":280,"column":20},"end":{"line":281,"column":40},"skip":true},{"start":{"line":282,"column":20},"end":{"line":283,"column":39},"skip":true}]},"20":{"line":288,"type":"if","locations":[{"start":{"line":288,"column":8},"end":{"line":288,"column":8},"skip":true},{"start":{"line":288,"column":8},"end":{"line":288,"column":8},"skip":true}]},"21":{"line":288,"type":"binary-expr","locations":[{"start":{"line":288,"column":12},"end":{"line":288,"column":40},"skip":true},{"start":{"line":288,"column":44},"end":{"line":288,"column":67},"skip":true}]},"22":{"line":292,"type":"binary-expr","locations":[{"start":{"line":292,"column":12},"end":{"line":292,"column":50},"skip":true},{"start":{"line":293,"column":12},"end":{"line":293,"column":53},"skip":true}]},"23":{"line":297,"type":"binary-expr","locations":[{"start":{"line":297,"column":12},"end":{"line":297,"column":65},"skip":true},{"start":{"line":298,"column":12},"end":{"line":301,"column":36},"skip":true}]},"24":{"line":303,"type":"binary-expr","locations":[{"start":{"line":303,"column":43},"end":{"line":303,"column":75},"skip":true},{"start":{"line":303,"column":79},"end":{"line":303,"column":81},"skip":true}]},"25":{"line":306,"type":"if","locations":[{"start":{"line":306,"column":8},"end":{"line":306,"column":8},"skip":true},{"start":{"line":306,"column":8},"end":{"line":306,"column":8},"skip":true}]},"26":{"line":310,"type":"if","locations":[{"start":{"line":310,"column":8},"end":{"line":310,"column":8},"skip":true},{"start":{"line":310,"column":8},"end":{"line":310,"column":8},"skip":true}]},"27":{"line":313,"type":"binary-expr","locations":[{"start":{"line":313,"column":27},"end":{"line":313,"column":43},"skip":true},{"start":{"line":313,"column":47},"end":{"line":313,"column":53},"skip":true}]},"28":{"line":317,"type":"if","locations":[{"start":{"line":317,"column":12},"end":{"line":317,"column":12},"skip":true},{"start":{"line":317,"column":12},"end":{"line":317,"column":12},"skip":true}]}},"code":["/*","example.js","","quickstart example","","instruction","    1. save this script as example.js","    2. run the shell command:","        $ npm install npmtest-nearley && PORT=8081 node example.js","    3. play with the browser-demo on http://127.0.0.1:8081","*/","","","","/* istanbul instrument in package npmtest_nearley */","/*jslint","    bitwise: true,","    browser: true,","    maxerr: 8,","    maxlen: 96,","    node: true,","    nomen: true,","    regexp: true,","    stupid: true","*/","(function () {","    'use strict';","    var local;","","","","    // run shared js-env code - pre-init","    (function () {","        // init local","        local = {};","        // init modeJs","        local.modeJs = (function () {","            try {","                return typeof navigator.userAgent === 'string' &&","                    typeof document.querySelector('body') === 'object' &&","                    typeof XMLHttpRequest.prototype.open === 'function' &&","                    'browser';","            } catch (errorCaughtBrowser) {","                return module.exports &&","                    typeof process.versions.node === 'string' &&","                    typeof require('http').createServer === 'function' &&","                    'node';","            }","        }());","        // init global","        local.global = local.modeJs === 'browser'","            ? window","            : global;","        // init utility2_rollup","        local = local.global.utility2_rollup || (local.modeJs === 'browser'","            ? local.global.utility2_npmtest_nearley","            : global.utility2_moduleExports);","        // export local","        local.global.local = local;","    }());","    switch (local.modeJs) {","","","","    // post-init","    // run browser js-env code - post-init","    /* istanbul ignore next */","    case 'browser':","        local.testRunBrowser = function (event) {","            if (!event || (event &&","                    event.currentTarget &&","                    event.currentTarget.className &&","                    event.currentTarget.className.includes &&","                    event.currentTarget.className.includes('onreset'))) {","                // reset output","                Array.from(","                    document.querySelectorAll('body > .resettable')","                ).forEach(function (element) {","                    switch (element.tagName) {","                    case 'INPUT':","                    case 'TEXTAREA':","                        element.value = '';","                        break;","                    default:","                        element.textContent = '';","                    }","                });","            }","            switch (event && event.currentTarget && event.currentTarget.id) {","            case 'testRunButton1':","                // show tests","                if (document.querySelector('#testReportDiv1').style.display === 'none') {","                    document.querySelector('#testReportDiv1').style.display = 'block';","                    document.querySelector('#testRunButton1').textContent =","                        'hide internal test';","                    local.modeTest = true;","                    local.testRunDefault(local);","                // hide tests","                } else {","                    document.querySelector('#testReportDiv1').style.display = 'none';","                    document.querySelector('#testRunButton1').textContent = 'run internal test';","                }","                break;","            // custom-case","            default:","                break;","            }","            if (document.querySelector('#inputTextareaEval1') && (!event || (event &&","                    event.currentTarget &&","                    event.currentTarget.className &&","                    event.currentTarget.className.includes &&","                    event.currentTarget.className.includes('oneval')))) {","                // try to eval input-code","                try {","                    /*jslint evil: true*/","                    eval(document.querySelector('#inputTextareaEval1').value);","                } catch (errorCaught) {","                    console.error(errorCaught);","                }","            }","        };","        // log stderr and stdout to #outputTextareaStdout1","        ['error', 'log'].forEach(function (key) {","            console[key + '_original'] = console[key];","            console[key] = function () {","                var element;","                console[key + '_original'].apply(console, arguments);","                element = document.querySelector('#outputTextareaStdout1');","                if (!element) {","                    return;","                }","                // append text to #outputTextareaStdout1","                element.value += Array.from(arguments).map(function (arg) {","                    return typeof arg === 'string'","                        ? arg","                        : JSON.stringify(arg, null, 4);","                }).join(' ') + '\\n';","                // scroll textarea to bottom","                element.scrollTop = element.scrollHeight;","            };","        });","        // init event-handling","        ['change', 'click', 'keyup'].forEach(function (event) {","            Array.from(document.querySelectorAll('.on' + event)).forEach(function (element) {","                element.addEventListener(event, local.testRunBrowser);","            });","        });","        // run tests","        local.testRunBrowser();","        break;","","","","    // run node js-env code - post-init","    /* istanbul ignore next */","    case 'node':","        // export local","        module.exports = local;","        // require modules","        local.fs = require('fs');","        local.http = require('http');","        local.url = require('url');","        // init assets","        local.assetsDict = local.assetsDict || {};","        /* jslint-ignore-begin */","        local.assetsDict['/assets.index.template.html'] = '\\","<!doctype html>\\n\\","<html lang=\"en\">\\n\\","<head>\\n\\","<meta charset=\"UTF-8\">\\n\\","<meta name=\"viewport\" content=\"width=device-width, initial-scale=1\">\\n\\","<title>{{env.npm_package_name}} (v{{env.npm_package_version}})</title>\\n\\","<style>\\n\\","/*csslint\\n\\","    box-sizing: false,\\n\\","    universal-selector: false\\n\\","*/\\n\\","* {\\n\\","    box-sizing: border-box;\\n\\","}\\n\\","body {\\n\\","    background: #dde;\\n\\","    font-family: Arial, Helvetica, sans-serif;\\n\\","    margin: 2rem;\\n\\","}\\n\\","body > * {\\n\\","    margin-bottom: 1rem;\\n\\","}\\n\\",".utility2FooterDiv {\\n\\","    margin-top: 20px;\\n\\","    text-align: center;\\n\\","}\\n\\","</style>\\n\\","<style>\\n\\","/*csslint\\n\\","*/\\n\\","textarea {\\n\\","    font-family: monospace;\\n\\","    height: 10rem;\\n\\","    width: 100%;\\n\\","}\\n\\","textarea[readonly] {\\n\\","    background: #ddd;\\n\\","}\\n\\","</style>\\n\\","</head>\\n\\","<body>\\n\\","<!-- utility2-comment\\n\\","<div id=\"ajaxProgressDiv1\" style=\"background: #d00; height: 2px; left: 0; margin: 0; padding: 0; position: fixed; top: 0; transition: background 0.5s, width 1.5s; width: 25%;\"></div>\\n\\","utility2-comment -->\\n\\","<h1>\\n\\","<!-- utility2-comment\\n\\","    <a\\n\\","        {{#if env.npm_package_homepage}}\\n\\","        href=\"{{env.npm_package_homepage}}\"\\n\\","        {{/if env.npm_package_homepage}}\\n\\","        target=\"_blank\"\\n\\","    >\\n\\","utility2-comment -->\\n\\","        {{env.npm_package_name}} (v{{env.npm_package_version}})\\n\\","<!-- utility2-comment\\n\\","    </a>\\n\\","utility2-comment -->\\n\\","</h1>\\n\\","<h3>{{env.npm_package_description}}</h3>\\n\\","<!-- utility2-comment\\n\\","<h4><a download href=\"assets.app.js\">download standalone app</a></h4>\\n\\","<button class=\"onclick onreset\" id=\"testRunButton1\">run internal test</button><br>\\n\\","<div id=\"testReportDiv1\" style=\"display: none;\"></div>\\n\\","utility2-comment -->\\n\\","\\n\\","\\n\\","\\n\\","<label>stderr and stdout</label>\\n\\","<textarea class=\"resettable\" id=\"outputTextareaStdout1\" readonly></textarea>\\n\\","<!-- utility2-comment\\n\\","{{#if isRollup}}\\n\\","<script src=\"assets.app.js\"></script>\\n\\","{{#unless isRollup}}\\n\\","utility2-comment -->\\n\\","<script src=\"assets.utility2.rollup.js\"></script>\\n\\","<script src=\"jsonp.utility2._stateInit?callback=window.utility2._stateInit\"></script>\\n\\","<script src=\"assets.npmtest_nearley.rollup.js\"></script>\\n\\","<script src=\"assets.example.js\"></script>\\n\\","<script src=\"assets.test.js\"></script>\\n\\","<!-- utility2-comment\\n\\","{{/if isRollup}}\\n\\","utility2-comment -->\\n\\","<div class=\"utility2FooterDiv\">\\n\\","    [ this app was created with\\n\\","    <a href=\"https://github.com/kaizhu256/node-utility2\" target=\"_blank\">utility2</a>\\n\\","    ]\\n\\","</div>\\n\\","</body>\\n\\","</html>\\n\\","';","        /* jslint-ignore-end */","        if (local.templateRender) {","            local.assetsDict['/'] = local.templateRender(","                local.assetsDict['/assets.index.template.html'],","                {","                    env: local.objectSetDefault(local.env, {","                        npm_package_description: 'the greatest app in the world!',","                        npm_package_name: 'my-app',","                        npm_package_nameAlias: 'my_app',","                        npm_package_version: '0.0.1'","                    })","                }","            );","        } else {","            local.assetsDict['/'] = local.assetsDict['/assets.index.template.html']","                .replace((/\\{\\{env\\.(\\w+?)\\}\\}/g), function (match0, match1) {","                    // jslint-hack","                    String(match0);","                    switch (match1) {","                    case 'npm_package_description':","                        return 'the greatest app in the world!';","                    case 'npm_package_name':","                        return 'my-app';","                    case 'npm_package_nameAlias':","                        return 'my_app';","                    case 'npm_package_version':","                        return '0.0.1';","                    }","                });","        }","        // run the cli","        if (local.global.utility2_rollup || module !== require.main) {","            break;","        }","        local.assetsDict['/assets.example.js'] =","            local.assetsDict['/assets.example.js'] ||","            local.fs.readFileSync(__filename, 'utf8');","        // bug-workaround - long $npm_package_buildCustomOrg","        /* jslint-ignore-begin */","        local.assetsDict['/assets.npmtest_nearley.rollup.js'] =","            local.assetsDict['/assets.npmtest_nearley.rollup.js'] ||","            local.fs.readFileSync(","                local.npmtest_nearley.__dirname + '/lib.npmtest_nearley.js',","                'utf8'","            ).replace((/^#!/), '//');","        /* jslint-ignore-end */","        local.assetsDict['/favicon.ico'] = local.assetsDict['/favicon.ico'] || '';","        // if $npm_config_timeout_exit exists,","        // then exit this process after $npm_config_timeout_exit ms","        if (Number(process.env.npm_config_timeout_exit)) {","            setTimeout(process.exit, Number(process.env.npm_config_timeout_exit));","        }","        // start server","        if (local.global.utility2_serverHttp1) {","            break;","        }","        process.env.PORT = process.env.PORT || '8081';","        console.error('server starting on port ' + process.env.PORT);","        local.http.createServer(function (request, response) {","            request.urlParsed = local.url.parse(request.url);","            if (local.assetsDict[request.urlParsed.pathname] !== undefined) {","                response.end(local.assetsDict[request.urlParsed.pathname]);","                return;","            }","            response.statusCode = 404;","            response.end();","        }).listen(process.env.PORT);","        break;","    }","}());",""],"l":{"26":2,"28":2,"33":2,"35":2,"37":2,"38":2,"39":2,"44":1,"51":2,"55":2,"59":2,"61":2,"69":1,"70":2,"76":2,"79":2,"82":2,"83":2,"85":1,"89":2,"92":1,"93":1,"94":1,"96":1,"97":1,"100":1,"101":1,"103":1,"106":1,"108":2,"114":1,"116":1,"118":1,"123":1,"124":2,"125":2,"126":3,"127":3,"128":3,"129":3,"130":1,"133":3,"134":3,"139":3,"143":1,"144":3,"145":1,"149":1,"150":1,"158":1,"160":1,"161":1,"162":1,"164":1,"166":1,"258":1,"259":1,"271":1,"274":6,"275":6,"277":1,"279":2,"281":1,"283":2,"288":1,"289":1,"291":1,"296":1,"303":1,"306":1,"307":1,"310":1,"311":1,"313":1,"314":1,"315":1,"316":1,"317":1,"318":1,"319":1,"321":1,"322":1,"324":1}},"/home/travis/build/npmtest/node-npmtest-nearley/node_modules/nearley/lib/nearley.js":{"path":"/home/travis/build/npmtest/node-npmtest-nearley/node_modules/nearley/lib/nearley.js","s":{"1":1,"2":1,"3":1,"4":0,"5":1,"6":176,"7":176,"8":176,"9":176,"10":176,"11":1,"12":1,"13":1,"14":0,"15":0,"16":0,"17":1,"18":48,"19":48,"20":48,"21":48,"22":48,"23":48,"24":1,"25":0,"26":1,"27":4,"28":4,"29":4,"30":4,"31":0,"32":4,"33":1,"34":0,"35":0,"36":0,"37":0,"38":0,"39":0,"40":0,"41":1,"42":4,"43":0,"44":1,"45":2,"46":2,"47":2,"48":2,"49":2,"50":2,"51":1,"52":2,"53":2,"54":2,"55":2,"56":48,"57":48,"58":4,"59":4,"60":4,"61":4,"62":4,"63":4,"64":4,"65":4,"66":4,"67":44,"68":44,"69":14,"70":14,"71":30,"72":10,"73":10,"74":0,"75":0,"76":0,"77":0,"78":20,"79":20,"80":1,"81":22,"82":22,"83":44,"84":44,"85":44,"86":44,"87":1,"88":4,"89":4,"90":4,"91":4,"92":1,"93":2,"94":2,"95":2,"96":2,"97":176,"98":88,"99":176,"100":1,"101":2,"102":0,"103":0,"104":2,"105":176,"106":2,"107":1,"108":2,"109":0,"110":0,"111":2,"112":2,"113":2,"114":2,"115":0,"116":2,"117":2,"118":2,"119":2,"120":2,"121":2,"122":1,"123":1,"124":0,"125":0,"126":0,"127":0,"128":0,"129":0,"130":0,"131":0,"132":0,"133":0,"134":0,"135":0,"136":0,"137":0,"138":0,"139":0,"140":0,"141":0,"142":0,"143":0,"144":0,"145":0,"146":0,"147":1,"148":0,"149":0,"150":0,"151":0,"152":0,"153":0,"154":0,"155":1,"156":0,"157":0,"158":0,"159":0,"160":0,"161":0,"162":0,"163":0,"164":1},"b":{"1":[1,0],"2":[1,1],"3":[0,0],"4":[0,0],"5":[0,0],"6":[0,4],"7":[0,4],"8":[4,44],"9":[4,0],"10":[4,0],"11":[4,4],"12":[14,30],"13":[10,20],"14":[0,10],"15":[22,0],"16":[4,0],"17":[2,0],"18":[88,88],"19":[0,2],"20":[0,2],"21":[2,2],"22":[0,0],"23":[0,0],"24":[0,0],"25":[0,0],"26":[0,0],"27":[0,0],"28":[0,0],"29":[0,0,0,0]},"f":{"1":1,"2":1,"3":176,"4":0,"5":0,"6":48,"7":0,"8":4,"9":0,"10":4,"11":2,"12":2,"13":22,"14":4,"15":2,"16":176,"17":2,"18":176,"19":2,"20":0,"21":0,"22":0,"23":0,"24":0},"fnMap":{"1":{"name":"(anonymous_1)","line":1,"loc":{"start":{"line":1,"column":1},"end":{"line":1,"column":25}}},"2":{"name":"(anonymous_2)","line":9,"loc":{"start":{"line":9,"column":8},"end":{"line":9,"column":19}}},"3":{"name":"Rule","line":11,"loc":{"start":{"line":11,"column":0},"end":{"line":11,"column":42}}},"4":{"name":"(anonymous_4)","line":20,"loc":{"start":{"line":20,"column":26},"end":{"line":20,"column":49}}},"5":{"name":"stringifySymbolSequence","line":21,"loc":{"start":{"line":21,"column":4},"end":{"line":21,"column":41}}},"6":{"name":"State","line":35,"loc":{"start":{"line":35,"column":0},"end":{"line":35,"column":47}}},"7":{"name":"(anonymous_7)","line":44,"loc":{"start":{"line":44,"column":27},"end":{"line":44,"column":38}}},"8":{"name":"(anonymous_8)","line":48,"loc":{"start":{"line":48,"column":28},"end":{"line":48,"column":43}}},"9":{"name":"(anonymous_9)","line":58,"loc":{"start":{"line":58,"column":24},"end":{"line":58,"column":35}}},"10":{"name":"(anonymous_10)","line":69,"loc":{"start":{"line":69,"column":25},"end":{"line":69,"column":36}}},"11":{"name":"Column","line":76,"loc":{"start":{"line":76,"column":0},"end":{"line":76,"column":32}}},"12":{"name":"(anonymous_12)","line":86,"loc":{"start":{"line":86,"column":27},"end":{"line":86,"column":48}}},"13":{"name":"(anonymous_13)","line":139,"loc":{"start":{"line":139,"column":27},"end":{"line":139,"column":41}}},"14":{"name":"(anonymous_14)","line":150,"loc":{"start":{"line":150,"column":28},"end":{"line":150,"column":50}}},"15":{"name":"Grammar","line":159,"loc":{"start":{"line":159,"column":0},"end":{"line":159,"column":31}}},"16":{"name":"(anonymous_16)","line":163,"loc":{"start":{"line":163,"column":23},"end":{"line":163,"column":38}}},"17":{"name":"(anonymous_17)","line":172,"loc":{"start":{"line":172,"column":23},"end":{"line":172,"column":46}}},"18":{"name":"(anonymous_18)","line":177,"loc":{"start":{"line":177,"column":26},"end":{"line":177,"column":39}}},"19":{"name":"Parser","line":182,"loc":{"start":{"line":182,"column":0},"end":{"line":182,"column":39}}},"20":{"name":"(anonymous_20)","line":216,"loc":{"start":{"line":216,"column":24},"end":{"line":216,"column":40}}},"21":{"name":"(anonymous_21)","line":278,"loc":{"start":{"line":278,"column":26},"end":{"line":278,"column":42}}},"22":{"name":"(anonymous_22)","line":298,"loc":{"start":{"line":298,"column":26},"end":{"line":298,"column":37}}},"23":{"name":"(anonymous_23)","line":303,"loc":{"start":{"line":303,"column":26},"end":{"line":303,"column":39}}},"24":{"name":"(anonymous_24)","line":311,"loc":{"start":{"line":311,"column":30},"end":{"line":311,"column":42}}}},"statementMap":{"1":{"start":{"line":1,"column":0},"end":{"line":320,"column":4}},"2":{"start":{"line":4,"column":4},"end":{"line":8,"column":5}},"3":{"start":{"line":5,"column":8},"end":{"line":5,"column":35}},"4":{"start":{"line":7,"column":8},"end":{"line":7,"column":33}},"5":{"start":{"line":11,"column":0},"end":{"line":17,"column":1}},"6":{"start":{"line":12,"column":4},"end":{"line":12,"column":31}},"7":{"start":{"line":13,"column":4},"end":{"line":13,"column":21}},"8":{"start":{"line":14,"column":4},"end":{"line":14,"column":27}},"9":{"start":{"line":15,"column":4},"end":{"line":15,"column":35}},"10":{"start":{"line":16,"column":4},"end":{"line":16,"column":16}},"11":{"start":{"line":18,"column":0},"end":{"line":18,"column":19}},"12":{"start":{"line":20,"column":0},"end":{"line":31,"column":1}},"13":{"start":{"line":21,"column":4},"end":{"line":24,"column":5}},"14":{"start":{"line":22,"column":8},"end":{"line":23,"column":42}},"15":{"start":{"line":25,"column":4},"end":{"line":29,"column":109}},"16":{"start":{"line":30,"column":4},"end":{"line":30,"column":46}},"17":{"start":{"line":35,"column":0},"end":{"line":42,"column":1}},"18":{"start":{"line":36,"column":4},"end":{"line":36,"column":21}},"19":{"start":{"line":37,"column":4},"end":{"line":37,"column":19}},"20":{"start":{"line":38,"column":4},"end":{"line":38,"column":31}},"21":{"start":{"line":39,"column":4},"end":{"line":39,"column":19}},"22":{"start":{"line":40,"column":4},"end":{"line":40,"column":29}},"23":{"start":{"line":41,"column":4},"end":{"line":41,"column":55}},"24":{"start":{"line":44,"column":0},"end":{"line":46,"column":2}},"25":{"start":{"line":45,"column":4},"end":{"line":45,"column":84}},"26":{"start":{"line":48,"column":0},"end":{"line":56,"column":2}},"27":{"start":{"line":49,"column":4},"end":{"line":49,"column":82}},"28":{"start":{"line":50,"column":4},"end":{"line":50,"column":22}},"29":{"start":{"line":51,"column":4},"end":{"line":51,"column":23}},"30":{"start":{"line":52,"column":4},"end":{"line":54,"column":5}},"31":{"start":{"line":53,"column":8},"end":{"line":53,"column":35}},"32":{"start":{"line":55,"column":4},"end":{"line":55,"column":17}},"33":{"start":{"line":58,"column":0},"end":{"line":67,"column":2}},"34":{"start":{"line":59,"column":4},"end":{"line":59,"column":22}},"35":{"start":{"line":60,"column":4},"end":{"line":60,"column":20}},"36":{"start":{"line":61,"column":4},"end":{"line":64,"column":24}},"37":{"start":{"line":62,"column":8},"end":{"line":62,"column":34}},"38":{"start":{"line":63,"column":8},"end":{"line":63,"column":25}},"39":{"start":{"line":65,"column":4},"end":{"line":65,"column":23}},"40":{"start":{"line":66,"column":4},"end":{"line":66,"column":20}},"41":{"start":{"line":69,"column":0},"end":{"line":73,"column":2}},"42":{"start":{"line":70,"column":4},"end":{"line":72,"column":5}},"43":{"start":{"line":71,"column":8},"end":{"line":71,"column":82}},"44":{"start":{"line":76,"column":0},"end":{"line":83,"column":1}},"45":{"start":{"line":77,"column":4},"end":{"line":77,"column":27}},"46":{"start":{"line":78,"column":4},"end":{"line":78,"column":23}},"47":{"start":{"line":79,"column":4},"end":{"line":79,"column":21}},"48":{"start":{"line":80,"column":4},"end":{"line":80,"column":20}},"49":{"start":{"line":81,"column":4},"end":{"line":81,"column":24}},"50":{"start":{"line":82,"column":4},"end":{"line":82,"column":24}},"51":{"start":{"line":86,"column":0},"end":{"line":137,"column":1}},"52":{"start":{"line":87,"column":4},"end":{"line":87,"column":29}},"53":{"start":{"line":88,"column":4},"end":{"line":88,"column":27}},"54":{"start":{"line":89,"column":4},"end":{"line":89,"column":35}},"55":{"start":{"line":91,"column":4},"end":{"line":136,"column":5}},"56":{"start":{"line":92,"column":8},"end":{"line":92,"column":30}},"57":{"start":{"line":94,"column":8},"end":{"line":135,"column":9}},"58":{"start":{"line":95,"column":12},"end":{"line":95,"column":27}},"59":{"start":{"line":96,"column":12},"end":{"line":110,"column":13}},"60":{"start":{"line":98,"column":16},"end":{"line":98,"column":46}},"61":{"start":{"line":99,"column":16},"end":{"line":102,"column":17}},"62":{"start":{"line":100,"column":20},"end":{"line":100,"column":43}},"63":{"start":{"line":101,"column":20},"end":{"line":101,"column":47}},"64":{"start":{"line":105,"column":16},"end":{"line":109,"column":17}},"65":{"start":{"line":107,"column":20},"end":{"line":107,"column":46}},"66":{"start":{"line":108,"column":20},"end":{"line":108,"column":82}},"67":{"start":{"line":114,"column":12},"end":{"line":114,"column":52}},"68":{"start":{"line":115,"column":12},"end":{"line":118,"column":13}},"69":{"start":{"line":116,"column":16},"end":{"line":116,"column":43}},"70":{"start":{"line":117,"column":16},"end":{"line":117,"column":25}},"71":{"start":{"line":121,"column":12},"end":{"line":134,"column":13}},"72":{"start":{"line":122,"column":16},"end":{"line":122,"column":39}},"73":{"start":{"line":124,"column":16},"end":{"line":130,"column":17}},"74":{"start":{"line":125,"column":20},"end":{"line":125,"column":47}},"75":{"start":{"line":126,"column":20},"end":{"line":129,"column":21}},"76":{"start":{"line":127,"column":24},"end":{"line":127,"column":45}},"77":{"start":{"line":128,"column":24},"end":{"line":128,"column":52}},"78":{"start":{"line":132,"column":16},"end":{"line":132,"column":37}},"79":{"start":{"line":133,"column":16},"end":{"line":133,"column":34}},"80":{"start":{"line":139,"column":0},"end":{"line":148,"column":1}},"81":{"start":{"line":140,"column":4},"end":{"line":140,"column":47}},"82":{"start":{"line":142,"column":4},"end":{"line":147,"column":5}},"83":{"start":{"line":143,"column":8},"end":{"line":143,"column":25}},"84":{"start":{"line":144,"column":8},"end":{"line":144,"column":39}},"85":{"start":{"line":145,"column":8},"end":{"line":145,"column":54}},"86":{"start":{"line":146,"column":8},"end":{"line":146,"column":28}},"87":{"start":{"line":150,"column":0},"end":{"line":156,"column":1}},"88":{"start":{"line":151,"column":4},"end":{"line":151,"column":30}},"89":{"start":{"line":152,"column":4},"end":{"line":155,"column":5}},"90":{"start":{"line":153,"column":8},"end":{"line":153,"column":46}},"91":{"start":{"line":154,"column":8},"end":{"line":154,"column":31}},"92":{"start":{"line":159,"column":0},"end":{"line":169,"column":1}},"93":{"start":{"line":160,"column":4},"end":{"line":160,"column":23}},"94":{"start":{"line":161,"column":4},"end":{"line":161,"column":45}},"95":{"start":{"line":162,"column":4},"end":{"line":162,"column":34}},"96":{"start":{"line":163,"column":4},"end":{"line":168,"column":7}},"97":{"start":{"line":164,"column":8},"end":{"line":166,"column":9}},"98":{"start":{"line":165,"column":12},"end":{"line":165,"column":35}},"99":{"start":{"line":167,"column":8},"end":{"line":167,"column":37}},"100":{"start":{"line":172,"column":0},"end":{"line":179,"column":1}},"101":{"start":{"line":173,"column":4},"end":{"line":176,"column":5}},"102":{"start":{"line":174,"column":6},"end":{"line":174,"column":32}},"103":{"start":{"line":175,"column":6},"end":{"line":175,"column":32}},"104":{"start":{"line":177,"column":4},"end":{"line":177,"column":97}},"105":{"start":{"line":177,"column":41},"end":{"line":177,"column":93}},"106":{"start":{"line":178,"column":4},"end":{"line":178,"column":37}},"107":{"start":{"line":182,"column":0},"end":{"line":211,"column":1}},"108":{"start":{"line":183,"column":4},"end":{"line":188,"column":5}},"109":{"start":{"line":184,"column":8},"end":{"line":184,"column":28}},"110":{"start":{"line":185,"column":8},"end":{"line":185,"column":28}},"111":{"start":{"line":187,"column":8},"end":{"line":187,"column":57}},"112":{"start":{"line":189,"column":4},"end":{"line":189,"column":27}},"113":{"start":{"line":192,"column":4},"end":{"line":195,"column":6}},"114":{"start":{"line":196,"column":4},"end":{"line":198,"column":5}},"115":{"start":{"line":197,"column":8},"end":{"line":197,"column":41}},"116":{"start":{"line":202,"column":4},"end":{"line":202,"column":40}},"117":{"start":{"line":203,"column":4},"end":{"line":203,"column":38}},"118":{"start":{"line":206,"column":4},"end":{"line":206,"column":37}},"119":{"start":{"line":207,"column":4},"end":{"line":207,"column":34}},"120":{"start":{"line":209,"column":4},"end":{"line":209,"column":21}},"121":{"start":{"line":210,"column":4},"end":{"line":210,"column":21}},"122":{"start":{"line":214,"column":0},"end":{"line":214,"column":17}},"123":{"start":{"line":216,"column":0},"end":{"line":276,"column":2}},"124":{"start":{"line":217,"column":4},"end":{"line":267,"column":5}},"125":{"start":{"line":219,"column":8},"end":{"line":219,"column":57}},"126":{"start":{"line":222,"column":8},"end":{"line":224,"column":9}},"127":{"start":{"line":223,"column":12},"end":{"line":223,"column":59}},"128":{"start":{"line":226,"column":8},"end":{"line":226,"column":44}},"129":{"start":{"line":227,"column":8},"end":{"line":227,"column":53}},"130":{"start":{"line":228,"column":8},"end":{"line":228,"column":36}},"131":{"start":{"line":233,"column":8},"end":{"line":233,"column":36}},"132":{"start":{"line":234,"column":8},"end":{"line":234,"column":41}},"133":{"start":{"line":235,"column":8},"end":{"line":245,"column":9}},"134":{"start":{"line":236,"column":12},"end":{"line":236,"column":37}},"135":{"start":{"line":237,"column":12},"end":{"line":237,"column":55}},"136":{"start":{"line":240,"column":12},"end":{"line":244,"column":13}},"137":{"start":{"line":242,"column":16},"end":{"line":242,"column":50}},"138":{"start":{"line":243,"column":16},"end":{"line":243,"column":45}},"139":{"start":{"line":255,"column":8},"end":{"line":255,"column":29}},"140":{"start":{"line":258,"column":8},"end":{"line":266,"column":9}},"141":{"start":{"line":260,"column":12},"end":{"line":263,"column":14}},"142":{"start":{"line":264,"column":12},"end":{"line":264,"column":49}},"143":{"start":{"line":265,"column":12},"end":{"line":265,"column":22}},"144":{"start":{"line":269,"column":4},"end":{"line":269,"column":29}},"145":{"start":{"line":272,"column":4},"end":{"line":272,"column":33}},"146":{"start":{"line":275,"column":4},"end":{"line":275,"column":16}},"147":{"start":{"line":278,"column":0},"end":{"line":296,"column":2}},"148":{"start":{"line":279,"column":4},"end":{"line":281,"column":5}},"149":{"start":{"line":280,"column":8},"end":{"line":280,"column":71}},"150":{"start":{"line":282,"column":4},"end":{"line":285,"column":5}},"151":{"start":{"line":284,"column":8},"end":{"line":284,"column":49}},"152":{"start":{"line":291,"column":4},"end":{"line":291,"column":33}},"153":{"start":{"line":292,"column":4},"end":{"line":292,"column":25}},"154":{"start":{"line":295,"column":4},"end":{"line":295,"column":33}},"155":{"start":{"line":298,"column":0},"end":{"line":312,"column":2}},"156":{"start":{"line":300,"column":4},"end":{"line":300,"column":28}},"157":{"start":{"line":301,"column":4},"end":{"line":301,"column":35}},"158":{"start":{"line":302,"column":4},"end":{"line":302,"column":50}},"159":{"start":{"line":303,"column":4},"end":{"line":310,"column":7}},"160":{"start":{"line":304,"column":8},"end":{"line":309,"column":9}},"161":{"start":{"line":308,"column":12},"end":{"line":308,"column":35}},"162":{"start":{"line":311,"column":4},"end":{"line":311,"column":61}},"163":{"start":{"line":311,"column":43},"end":{"line":311,"column":57}},"164":{"start":{"line":314,"column":0},"end":{"line":318,"column":2}}},"branchMap":{"1":{"line":4,"type":"if","locations":[{"start":{"line":4,"column":4},"end":{"line":4,"column":4}},{"start":{"line":4,"column":4},"end":{"line":4,"column":4}}]},"2":{"line":4,"type":"binary-expr","locations":[{"start":{"line":4,"column":8},"end":{"line":4,"column":34}},{"start":{"line":4,"column":38},"end":{"line":4,"column":52}}]},"3":{"line":22,"type":"cond-expr","locations":[{"start":{"line":22,"column":29},"end":{"line":22,"column":54}},{"start":{"line":23,"column":29},"end":{"line":23,"column":41}}]},"4":{"line":25,"type":"cond-expr","locations":[{"start":{"line":26,"column":27},"end":{"line":26,"column":78}},{"start":{"line":27,"column":31},"end":{"line":29,"column":102}}]},"5":{"line":45,"type":"binary-expr","locations":[{"start":{"line":45,"column":63},"end":{"line":45,"column":77}},{"start":{"line":45,"column":81},"end":{"line":45,"column":82}}]},"6":{"line":52,"type":"if","locations":[{"start":{"line":52,"column":4},"end":{"line":52,"column":4}},{"start":{"line":52,"column":4},"end":{"line":52,"column":4}}]},"7":{"line":70,"type":"if","locations":[{"start":{"line":70,"column":4},"end":{"line":70,"column":4}},{"start":{"line":70,"column":4},"end":{"line":70,"column":4}}]},"8":{"line":94,"type":"if","locations":[{"start":{"line":94,"column":8},"end":{"line":94,"column":8}},{"start":{"line":94,"column":8},"end":{"line":94,"column":8}}]},"9":{"line":96,"type":"if","locations":[{"start":{"line":96,"column":12},"end":{"line":96,"column":12}},{"start":{"line":96,"column":12},"end":{"line":96,"column":12}}]},"10":{"line":105,"type":"if","locations":[{"start":{"line":105,"column":16},"end":{"line":105,"column":16}},{"start":{"line":105,"column":16},"end":{"line":105,"column":16}}]},"11":{"line":108,"type":"binary-expr","locations":[{"start":{"line":108,"column":43},"end":{"line":108,"column":62}},{"start":{"line":108,"column":66},"end":{"line":108,"column":68}}]},"12":{"line":115,"type":"if","locations":[{"start":{"line":115,"column":12},"end":{"line":115,"column":12}},{"start":{"line":115,"column":12},"end":{"line":115,"column":12}}]},"13":{"line":121,"type":"if","locations":[{"start":{"line":121,"column":12},"end":{"line":121,"column":12}},{"start":{"line":121,"column":12},"end":{"line":121,"column":12}}]},"14":{"line":124,"type":"if","locations":[{"start":{"line":124,"column":16},"end":{"line":124,"column":16}},{"start":{"line":124,"column":16},"end":{"line":124,"column":16}}]},"15":{"line":140,"type":"binary-expr","locations":[{"start":{"line":140,"column":16},"end":{"line":140,"column":40}},{"start":{"line":140,"column":44},"end":{"line":140,"column":46}}]},"16":{"line":152,"type":"if","locations":[{"start":{"line":152,"column":4},"end":{"line":152,"column":4}},{"start":{"line":152,"column":4},"end":{"line":152,"column":4}}]},"17":{"line":161,"type":"binary-expr","locations":[{"start":{"line":161,"column":17},"end":{"line":161,"column":22}},{"start":{"line":161,"column":26},"end":{"line":161,"column":44}}]},"18":{"line":164,"type":"if","locations":[{"start":{"line":164,"column":8},"end":{"line":164,"column":8}},{"start":{"line":164,"column":8},"end":{"line":164,"column":8}}]},"19":{"line":173,"type":"if","locations":[{"start":{"line":173,"column":4},"end":{"line":173,"column":4}},{"start":{"line":173,"column":4},"end":{"line":173,"column":4}}]},"20":{"line":183,"type":"if","locations":[{"start":{"line":183,"column":4},"end":{"line":183,"column":4}},{"start":{"line":183,"column":4},"end":{"line":183,"column":4}}]},"21":{"line":196,"type":"binary-expr","locations":[{"start":{"line":196,"column":21},"end":{"line":196,"column":28}},{"start":{"line":196,"column":32},"end":{"line":196,"column":34}}]},"22":{"line":222,"type":"if","locations":[{"start":{"line":222,"column":8},"end":{"line":222,"column":8}},{"start":{"line":222,"column":8},"end":{"line":222,"column":8}}]},"23":{"line":240,"type":"if","locations":[{"start":{"line":240,"column":12},"end":{"line":240,"column":12}},{"start":{"line":240,"column":12},"end":{"line":240,"column":12}}]},"24":{"line":240,"type":"cond-expr","locations":[{"start":{"line":240,"column":30},"end":{"line":240,"column":48}},{"start":{"line":240,"column":51},"end":{"line":240,"column":75}}]},"25":{"line":258,"type":"if","locations":[{"start":{"line":258,"column":8},"end":{"line":258,"column":8}},{"start":{"line":258,"column":8},"end":{"line":258,"column":8}}]},"26":{"line":279,"type":"if","locations":[{"start":{"line":279,"column":4},"end":{"line":279,"column":4}},{"start":{"line":279,"column":4},"end":{"line":279,"column":4}}]},"27":{"line":282,"type":"if","locations":[{"start":{"line":282,"column":4},"end":{"line":282,"column":4}},{"start":{"line":282,"column":4},"end":{"line":282,"column":4}}]},"28":{"line":304,"type":"if","locations":[{"start":{"line":304,"column":8},"end":{"line":304,"column":8}},{"start":{"line":304,"column":8},"end":{"line":304,"column":8}}]},"29":{"line":304,"type":"binary-expr","locations":[{"start":{"line":304,"column":12},"end":{"line":304,"column":33}},{"start":{"line":305,"column":19},"end":{"line":305,"column":50}},{"start":{"line":306,"column":19},"end":{"line":306,"column":36}},{"start":{"line":307,"column":19},"end":{"line":307,"column":41}}]}},"code":["(function(root, factory) {","    // if (typeof define === 'function' && define.amd) {","    //     define([], factory);","    if (typeof module === 'object' && module.exports) {","        module.exports = factory();","    } else {","        root.nearley = factory();","    }","}(this, function() {","","function Rule(name, symbols, postprocess) {","    this.id = ++Rule.highestId;","    this.name = name;","    this.symbols = symbols;        // a list of literal | regex class | nonterminal","    this.postprocess = postprocess;","    return this;","}","Rule.highestId = 0;","","Rule.prototype.toString = function(withCursorAt) {","    function stringifySymbolSequence (e) {","        return (e.literal) ? JSON.stringify(e.literal)","                           : e.toString();","    }","    var symbolSequence = (typeof withCursorAt === \"undefined\")","                         ? this.symbols.map(stringifySymbolSequence).join(' ')","                         : (   this.symbols.slice(0, withCursorAt).map(stringifySymbolSequence).join(' ')","                             + \" ● \"","                             + this.symbols.slice(withCursorAt).map(stringifySymbolSequence).join(' ')     );","    return this.name + \" → \" + symbolSequence;","}","","","// a State is a rule at a position from a given starting point in the input stream (reference)","function State(rule, dot, reference, wantedBy) {","    this.rule = rule;","    this.dot = dot;","    this.reference = reference;","    this.data = [];","    this.wantedBy = wantedBy;","    this.isComplete = this.dot === rule.symbols.length;","}","","State.prototype.toString = function() {","    return \"{\" + this.rule.toString(this.dot) + \"}, from: \" + (this.reference || 0);","};","","State.prototype.nextState = function(data) {","    var state = new State(this.rule, this.dot + 1, this.reference, this.wantedBy);","    state.left = this;","    state.right = data;","    if (state.isComplete) {","        state.data = state.build();","    }","    return state;","};","","State.prototype.build = function() {","    var children = [];","    var node = this;","    do {","        children.push(node.right);","        node = node.left;","    } while (node.left);","    children.reverse();","    return children;","};","","State.prototype.finish = function() {","    if (this.rule.postprocess) {","        this.data = this.rule.postprocess(this.data, this.reference, Parser.fail);","    }","};","","","function Column(grammar, index) {","    this.grammar = grammar;","    this.index = index;","    this.states = [];","    this.wants = {}; // states indexed by the non-terminal they expect","    this.scannable = []; // list of states that expect a token","    this.completed = {}; // states that are nullable","}","","","Column.prototype.process = function(nextColumn) {","    var states = this.states;","    var wants = this.wants;","    var completed = this.completed;","","    for (var w = 0; w < states.length; w++) { // nb. we push() during iteration","        var state = states[w];","","        if (state.isComplete) {","            state.finish();","            if (state.data !== Parser.fail) {","                // complete","                var wantedBy = state.wantedBy;","                for (var i = wantedBy.length; i--; ) { // this line is hot","                    var left = wantedBy[i];","                    this.complete(left, state);","                }","","                // special-case nullables","                if (state.reference === this.index) {","                    // make sure future predictors of this rule get completed. ","                    var exp = state.rule.name;","                    (this.completed[exp] = this.completed[exp] || []).push(state);","                }","            }","","        } else {","            // queue scannable states","            var exp = state.rule.symbols[state.dot];","            if (typeof exp !== 'string') {","                this.scannable.push(state);","                continue;","            }","","            // predict","            if (wants[exp]) {","                wants[exp].push(state);","","                if (completed.hasOwnProperty(exp)) {","                    var nulls = completed[exp];","                    for (var i = 0; i < nulls.length; i++) {","                        var right = nulls[i];","                        this.complete(state, right);","                    }","                }","            } else {","                wants[exp] = [state];","                this.predict(exp);","            }","        }","    }","}","","Column.prototype.predict = function(exp) {","    var rules = this.grammar.byName[exp] || [];","","    for (var i = 0; i < rules.length; i++) {","        var r = rules[i];","        var wantedBy = this.wants[exp];","        var s = new State(r, 0, this.index, wantedBy);","        this.states.push(s);","    }","}","","Column.prototype.complete = function(left, right) {","    var inp = right.rule.name;","    if (left.rule.symbols[left.dot] === inp) {","        var copy = left.nextState(right.data);","        this.states.push(copy);","    }","}","","","function Grammar(rules, start) {","    this.rules = rules;","    this.start = start || this.rules[0].name;","    var byName = this.byName = {};","    this.rules.forEach(function(rule) {","        if (!byName.hasOwnProperty(rule.name)) {","            byName[rule.name] = [];","        }","        byName[rule.name].push(rule);","    });","}","","// So we can allow passing (rules, start) directly to Parser for backwards compatibility","Grammar.fromCompiled = function(rules, start) {","    if (rules.ParserStart) {","      start = rules.ParserStart;","      rules = rules.ParserRules;","    }","    var rules = rules.map(function (r) { return (new Rule(r.name, r.symbols, r.postprocess)); });","    return new Grammar(rules, start);","}","","","function Parser(rules, start, options) {","    if (rules instanceof Grammar) {","        var grammar = rules;","        var options = start;","    } else {","        var grammar = Grammar.fromCompiled(rules, start);","    }","    this.grammar = grammar;","","    // Read options","    this.options = {","        keepHistory: false,","        // rewindable: false,","    };","    for (var key in (options || {})) {","        this.options[key] = options[key];","    }","    // if (this.options.rewindable) { this.options.keepHistory = true; }","","    // Setup a table","    var column = new Column(grammar, 0);","    var table = this.table = [column];","","    // I could be expecting anything.","    column.wants[grammar.start] = [];","    column.predict(grammar.start);","    // TODO what if start rule is nullable?","    column.process();","    this.current = 0;","}","","// create a reserved token for indicating a parse fail","Parser.fail = {};","","Parser.prototype.feed = function(chunk) {","    for (var chunkPos = 0; chunkPos < chunk.length; chunkPos++) {","        // We add new states to table[current+1]","        var column = this.table[this.current + chunkPos];","","        // GC unused states","        if (!this.options.keepHistory) {","            delete this.table[this.current + chunkPos - 1];","        }","","        var n = this.current + chunkPos + 1;","        var nextColumn = new Column(this.grammar, n);","        this.table.push(nextColumn);","","        // Advance all tokens that expect the symbol","        // So for each state in the previous row,","","        var token = chunk[chunkPos];","        var scannable = column.scannable;","        for (var w = scannable.length; w--; ) {","            var state = scannable[w];","            var expect = state.rule.symbols[state.dot];","            // Try to consume the token","            // either regex or literal","            if (expect.test ? expect.test(token) : expect.literal === token) {","                // Add it","                var next = state.nextState(token);","                nextColumn.states.push(next);","            }","        }","","        // Next, for each of the rules, we either","        // (a) complete it, and try to see if the reference row expected that","        //     rule","        // (b) predict the next nonterminal it expects by adding that","        //     nonterminal's start state","        // To prevent duplication, we also keep track of rules we have already","        // added","","        nextColumn.process();","","        // If needed, throw an error:","        if (nextColumn.states.length === 0) {","            // No states at all! This is not good.","            var err = new Error(","                \"nearley: No possible parsings (@\" + (this.current + chunkPos)","                    + \": '\" + chunk[chunkPos] + \"').\"","   
[...]
 require('../lib/nearley-language-bootstrapped.js');","var parser = new nearley.Parser(parserGrammar.ParserRules, parserGrammar.ParserStart);","input","    .pipe(new StreamWrapper(parser))","    .on('finish', function() {","        output.write(railroad(parser.results[0]));","    });",""],"l":{"3":1,"4":1,"7":0,"8":0,"11":1,"12":1,"13":1,"15":1,"30":0,"34":1,"35":1,"37":1,"38":0,"39":0,"40":0,"41":0,"42":0,"44":0,"48":0,"55":0,"56":0,"64":1,"65":0,"66":0,"68":1,"70":0,"71":0,"72":0,"73":0,"75":0,"76":0,"78":0,"79":0,"81":0,"82":0,"84":0,"85":0,"86":0,"87":0,"88":0,"89":0,"90":0,"91":0,"92":0,"93":0,"94":0,"95":0,"97":0,"101":0,"104":0,"120":1,"121":1,"122":1,"123":1,"124":1,"127":0}},"/home/travis/build/npmtest/node-npmtest-nearley/node_modules/nearley/bin/nearley-unparse.js":{"path":"/home/travis/build/npmtest/node-npmtest-nearley/node_modules/nearley/bin/nearley-unparse.js","s":{"1":2,"2":2,"3":2,"4":2,"5":2,"6":0,"7":2,"8":2,"9":1,"10":0,"11":0,"12":0,"13":0,"14":0,"15":0,"16":0,"17":0,"18":0,"19":0,"20":0,"21":0,"22":0,"23":0,"24":0,"25":0,"26":0,"27":0,"28":0,"29":0,"30":1,"31":0,"32":0,"33":1,"34":0,"35":0,"36":0,"37":0,"38":0,"39":0,"40":0,"41":0,"42":0,"43":0,"44":0,"45":0,"46":0,"47":1,"48":0,"49":0,"50":0,"51":0,"52":0,"53":0,"54":0,"55":0,"56":0,"57":0,"58":1,"59":0,"60":0,"61":0,"62":0,"63":0,"64":0,"65":0,"66":1,"67":0,"68":0,"69":0,"70":0,"71":0,"72":0,"73":0,"74":0,"75":0,"76":0,"77":0,"78":0,"79":0,"80":0,"81":0,"82":0,"83":0},"b":{"1":[0,2],"2":[0,0],"3":[0,0],"4":[0,0],"5":[0,0],"6":[0,0],"7":[0,0],"8":[0,0],"9":[0,0],"10":[0,0],"11":[0,0],"12":[0,0],"13":[0,0],"14":[0,0],"15":[0,0],"16":[0,0],"17":[0,0],"18":[0,0],"19":[0,0]},"f":{"1":0,"2":0,"3":0,"4":0,"5":0,"6":0,"7":0,"8":0},"fnMap":{"1":{"name":"(anonymous_1)","line":37,"loc":{"start":{"line":37,"column":18},"end":{"line":37,"column":29}}},"2":{"name":"gen","line":47,"loc":{"start":{"line":47,"column":0},"end":{"line":47,"column":28}}},"3":{"name":"(anonymous_3)","line":57,"loc":{"start":{"line":57,"column":55},"end":{"line":57,"column":67}}},"4":{"name":"gen2","line":82,"loc":{"start":{"line":82,"column":0},"end":{"line":82,"column":36}}},"5":{"name":"synth_nt","line":92,"loc":{"start":{"line":92,"column":4},"end":{"line":92,"column":35}}},"6":{"name":"synth_rule","line":114,"loc":{"start":{"line":114,"column":4},"end":{"line":114,"column":36}}},"7":{"name":"min_depth_nt","line":128,"loc":{"start":{"line":128,"column":4},"end":{"line":128,"column":41}}},"8":{"name":"min_depth_rule","line":140,"loc":{"start":{"line":140,"column":4},"end":{"line":140,"column":42}}}},"statementMap":{"1":{"start":{"line":3,"column":0},"end":{"line":3,"column":23}},"2":{"start":{"line":4,"column":0},"end":{"line":4,"column":43}},"3":{"start":{"line":5,"column":0},"end":{"line":5,"column":31}},"4":{"start":{"line":6,"column":0},"end":{"line":6,"column":33}},"5":{"start":{"line":8,"column":0},"end":{"line":41,"column":13}},"6":{"start":{"line":38,"column":12},"end":{"line":38,"column":54}},"7":{"start":{"line":43,"column":0},"end":{"line":43,"column":72}},"8":{"start":{"line":45,"column":0},"end":{"line":45,"column":62}},"9":{"start":{"line":47,"column":0},"end":{"line":80,"column":1}},"10":{"start":{"line":51,"column":4},"end":{"line":51,"column":23}},"11":{"start":{"line":52,"column":4},"end":{"line":52,"column":36}},"12":{"start":{"line":54,"column":4},"end":{"line":79,"column":5}},"13":{"start":{"line":55,"column":8},"end":{"line":55,"column":38}},"14":{"start":{"line":56,"column":8},"end":{"line":78,"column":9}},"15":{"start":{"line":57,"column":12},"end":{"line":59,"column":15}},"16":{"start":{"line":58,"column":16},"end":{"line":58,"column":46}},"17":{"start":{"line":60,"column":12},"end":{"line":69,"column":13}},"18":{"start":{"line":61,"column":16},"end":{"line":63,"column":18}},"19":{"start":{"line":64,"column":16},"end":{"line":66,"column":17}},"20":{"start":{"line":65,"column":20},"end":{"line":65,"column":50}},"21":{"start":{"line":68,"column":16},"end":{"line":68,"column":74}},"22":{"start":{"line":70,"column":15},"end":{"line":78,"column":9}},"23":{"start":{"line":71,"column":12},"end":{"line":71,"column":51}},"24":{"start":{"line":72,"column":12},"end":{"line":72,"column":28}},"25":{"start":{"line":73,"column":12},"end":{"line":73,"column":21}},"26":{"start":{"line":74,"column":15},"end":{"line":78,"column":9}},"27":{"start":{"line":75,"column":12},"end":{"line":75,"column":40}},"28":{"start":{"line":76,"column":12},"end":{"line":76,"column":28}},"29":{"start":{"line":77,"column":12},"end":{"line":77,"column":21}},"30":{"start":{"line":82,"column":0},"end":{"line":156,"column":1}},"31":{"start":{"line":89,"column":4},"end":{"line":89,"column":36}},"32":{"start":{"line":90,"column":4},"end":{"line":90,"column":29}},"33":{"start":{"line":92,"column":4},"end":{"line":113,"column":5}},"34":{"start":{"line":93,"column":8},"end":{"line":93,"column":28}},"35":{"start":{"line":94,"column":8},"end":{"line":94,"column":37}},"36":{"start":{"line":95,"column":8},"end":{"line":104,"column":9}},"37":{"start":{"line":96,"column":12},"end":{"line":96,"column":33}},"38":{"start":{"line":97,"column":12},"end":{"line":97,"column":45}},"39":{"start":{"line":98,"column":12},"end":{"line":103,"column":13}},"40":{"start":{"line":99,"column":16},"end":{"line":99,"column":62}},"41":{"start":{"line":100,"column":16},"end":{"line":102,"column":17}},"42":{"start":{"line":101,"column":20},"end":{"line":101,"column":39}},"43":{"start":{"line":105,"column":8},"end":{"line":109,"column":9}},"44":{"start":{"line":106,"column":12},"end":{"line":108,"column":44}},"45":{"start":{"line":111,"column":8},"end":{"line":111,"column":72}},"46":{"start":{"line":112,"column":8},"end":{"line":112,"column":36}},"47":{"start":{"line":114,"column":4},"end":{"line":127,"column":5}},"48":{"start":{"line":115,"column":8},"end":{"line":115,"column":21}},"49":{"start":{"line":116,"column":8},"end":{"line":125,"column":9}},"50":{"start":{"line":117,"column":12},"end":{"line":117,"column":44}},"51":{"start":{"line":118,"column":12},"end":{"line":124,"column":13}},"52":{"start":{"line":119,"column":16},"end":{"line":119,"column":46}},"53":{"start":{"line":120,"column":19},"end":{"line":124,"column":13}},"54":{"start":{"line":121,"column":16},"end":{"line":121,"column":46}},"55":{"start":{"line":122,"column":19},"end":{"line":124,"column":13}},"56":{"start":{"line":123,"column":16},"end":{"line":123,"column":35}},"57":{"start":{"line":126,"column":8},"end":{"line":126,"column":19}},"58":{"start":{"line":128,"column":4},"end":{"line":139,"column":5}},"59":{"start":{"line":129,"column":8},"end":{"line":131,"column":9}},"60":{"start":{"line":130,"column":12},"end":{"line":130,"column":29}},"61":{"start":{"line":132,"column":8},"end":{"line":132,"column":26}},"62":{"start":{"line":133,"column":8},"end":{"line":137,"column":9}},"63":{"start":{"line":134,"column":12},"end":{"line":136,"column":13}},"64":{"start":{"line":135,"column":16},"end":{"line":135,"column":75}},"65":{"start":{"line":138,"column":8},"end":{"line":138,"column":17}},"66":{"start":{"line":140,"column":4},"end":{"line":152,"column":5}},"67":{"start":{"line":141,"column":8},"end":{"line":141,"column":76}},"68":{"start":{"line":141,"column":48},"end":{"line":141,"column":76}},"69":{"start":{"line":143,"column":8},"end":{"line":143,"column":18}},"70":{"start":{"line":144,"column":8},"end":{"line":149,"column":9}},"71":{"start":{"line":145,"column":12},"end":{"line":145,"column":44}},"72":{"start":{"line":146,"column":12},"end":{"line":148,"column":13}},"73":{"start":{"line":147,"column":16},"end":{"line":147,"column":62}},"74":{"start":{"line":150,"column":8},"end":{"line":150,"column":33}},"75":{"start":{"line":151,"column":8},"end":{"line":151,"column":17}},"76":{"start":{"line":154,"column":4},"end":{"line":154,"column":36}},"77":{"start":{"line":155,"column":4},"end":{"line":155,"column":15}},"78":{"start":{"line":161,"column":0},"end":{"line":168,"column":1}},"79":{"start":{"line":162,"column":4},"end":{"line":166,"column":5}},"80":{"start":{"line":163,"column":8},"end":{"line":163,"column":68}},"81":{"start":{"line":165,"column":8},"end":{"line":165,"column":95}},"82":{"start":{"line":167,"column":4},"end":{"line":167,"column":43}},"83":{"start":{"line":167,"column":24},"end":{"line":167,"column":43}}},"branchMap":{"1":{"line":43,"type":"cond-expr","locations":[{"start":{"line":43,"column":24},"end":{"line":43,"column":54}},{"start":{"line":43,"column":57},"end":{"line":43,"column":71}}]},"2":{"line":56,"type":"if","locations":[{"start":{"line":56,"column":8},"end":{"line":56,"column":8}},{"start":{"line":56,"column":8},"end":{"line":56,"column":8}}]},"3":{"line":60,"type":"if","locations":[{"start":{"line":60,"column":12},"end":{"line":60,"column":12}},{"start":{"line":60,"column":12},"end":{"line":60,"column":12}}]},"4":{"line":70,"type":"if","locations":[{"start":{"line":70,"column":15},"end":{"line":70,"column":15}},{"start":{"line":70,"column":15},"end":{"line":70,"column":15}}]},"5":{"line":74,"type":"if","locations":[{"start":{"line":74,"column":15},"end":{"line":74,"column":15}},{"start":{"line":74,"column":15},"end":{"line":74,"column":15}}]},"6":{"line":98,"type":"if","locations":[{"start":{"line":98,"column":12},"end":{"line":98,"column":12}},{"start":{"line":98,"column":12},"end":{"line":98,"column":12}}]},"7":{"line":100,"type":"if","locations":[{"start":{"line":100,"column":16},"end":{"line":100,"column":16}},{"start":{"line":100,"column":16},"end":{"line":100,"column":16}}]},"8":{"line":105,"type":"if","locations":[{"start":{"line":105,"column":8},"end":{"line":105,"column":8}},{"start":{"line":105,"column":8},"end":{"line":105,"column":8}}]},"9":{"line":118,"type":"if","locations":[{"start":{"line":118,"column":12},"end":{"line":118,"column":12}},{"start":{"line":118,"column":12},"end":{"line":118,"column":12}}]},"10":{"line":120,"type":"if","locations":[{"start":{"line":120,"column":19},"end":{"line":120,"column":19}},{"start":{"line":120,"column":19},"end":{"line":120,"column":19}}]},"11":{"line":122,"type":"if","locations":[{"start":{"line":122,"column":19},"end":{"line":122,"column":19}},{"start":{"line":122,"column":19},"end":{"line":122,"column":19}}]},"12":{"line":129,"type":"if","locations":[{"start":{"line":129,"column":8},"end":{"line":129,"column":8}},{"start":{"line":129,"column":8},"end":{"line":129,"column":8}}]},"13":{"line":134,"type":"if","locations":[{"start":{"line":134,"column":12},"end":{"line":134,"column":12}},{"start":{"line":134,"column":12},"end":{"line":134,"column":12}}]},"14":{"line":141,"type":"if","locations":[{"start":{"line":141,"column":8},"end":{"line":141,"column":8}},{"start":{"line":141,"column":8},"end":{"line":141,"column":8}}]},"15":{"line":146,"type":"if","locations":[{"start":{"line":146,"column":12},"end":{"line":146,"column":12}},{"start":{"line":146,"column":12},"end":{"line":146,"column":12}}]},"16":{"line":162,"type":"if","locations":[{"start":{"line":162,"column":4},"end":{"line":162,"column":4}},{"start":{"line":162,"column":4},"end":{"line":162,"column":4}}]},"17":{"line":163,"type":"cond-expr","locations":[{"start":{"line":163,"column":34},"end":{"line":163,"column":44}},{"start":{"line":163,"column":47},"end":{"line":163,"column":66}}]},"18":{"line":165,"type":"cond-expr","locations":[{"start":{"line":165,"column":48},"end":{"line":165,"column":58}},{"start":{"line":165,"column":61},"end":{"line":165,"column":80}}]},"19":{"line":167,"type":"if","locations":[{"start":{"line":167,"column":4},"end":{"line":167,"column":4}},{"start":{"line":167,"column":4},"end":{"line":167,"column":4}}]}},"code":["//#!/usr/bin/env node","","var fs = require('fs');","var nearley = require('../lib/nearley.js');","var nomnom = require('nomnom');","var randexp = require('randexp');","","var opts = nomnom","    .script('nearley-unparse')","    .option('file', {","        position: 0,","        help: \"A grammar .js file\",","        required: true,","    })","    .option('start', {","        abbr: 's',","        help: \"An optional start symbol (if not provided then use the parser start symbol)\",","    })","    .option('count', {","        abbr: 'n',","        help: 'The number of samples to generate (separated by \\\\n).',","        default: 1","    })","    .option('depth', {","        abbr: 'd',","        help: 'The depth bound of each sample. Defaults to -1, which means \"unbounded\".',","        default: -1","    })","    .option('out', {","        abbr: 'o',","        help: \"File to output to (defaults to stdout)\",","    })","    .option('version', {","        abbr: 'v',","        flag: true,","        help: \"Print version and exit\",","        callback: function() {","            return require('../package.json').version;","        }","    })","    .parse();","","var output = opts.out ? fs.createWriteStream(opts.out) : process.stdout;","","var grammar = new require(require('path').resolve(opts.file));","","function gen(grammar, name) {","    // The first-generation generator. It just spews out stuff randomly, and is","    // not at all guaranteed to terminate. However, it is extremely performant.","","    var stack = [name];","    var rules = grammar.ParserRules;","","    while (stack.length > 0) {","        var currentname = stack.pop();","        if (typeof(currentname) === 'string') {","            var goodrules = grammar.ParserRules.filter(function(x) {","                return x.name === currentname;","            });","            if (goodrules.length > 0) {","                var chosen = goodrules[","                    Math.floor(Math.random()*goodrules.length)","                ];","                for (var i=chosen.symbols.length-1; i>=0; i--) {","                    stack.push(chosen.symbols[i]);","                }","            } else {","                throw new Error(\"Nothing matches rule: \"+currentname+\"!\");","            }","        } else if (currentname.test) {","            var c = new randexp(currentname).gen();","            output.write(c);","            continue;","        } else if (currentname.literal) {","            var c = currentname.literal;","            output.write(c);","            continue;","        }","    }","}","","function gen2(grammar, name, depth) {","    // I guess you could call this the second-generation generator.","    // All it does is bound its output by a certain depth without having to","    // backtrack. It doesn't give guarantees on being uniformly random, but","    // that's doable if we *really* need it (by converting min_depth_rule, a","    // predicate, into something that counts the number of trees of depth d).","","    var rules = grammar.ParserRules;","    var min_depths_rule = [];","","    function synth_nt(name, depth) {","        var good_rules = [];","        var min_min_depth = Infinity;","        for (var i=0; i<rules.length; i++) {","            min_depths_rule = [];","            var size = min_depth_rule(i, []);","            if (rules[i].name === name) {","                min_min_depth = Math.min(min_min_depth, size);","                if (size < depth) {","                    good_rules.push(i);","                }","            }","        }","        if (good_rules.length === 0) {","            throw (\"No strings in your grammar have depth \"+depth+\" (and \" +","                   \"none are shallower). Try increasing -d to at least \"+","                   (min_min_depth+1) + \".\");","        }","","        var r = good_rules[Math.floor(Math.random()*good_rules.length)];","        return synth_rule(r, depth);","    }","    function synth_rule(idx, depth) {","        var ret = \"\";","        for (var i=0; i<rules[idx].symbols.length; i++) {","            var tok = rules[idx].symbols[i];","            if (typeof(tok) === 'string') {","                ret += synth_nt(tok, depth-1);","            } else if (tok.test) {","                ret += new randexp(tok).gen();","            } else if (tok.literal) {","                ret += tok.literal;","            }","        }","        return ret;","    }","    function min_depth_nt(name, visited) {","        if (visited.indexOf(name) !== -1) {","            return +Infinity;","        }","        var d = +Infinity;","        for (var i=0; i<rules.length; i++) {","            if (rules[i].name === name) {","                d = Math.min(d, min_depth_rule(i, [name].concat(visited)));","            }","        }","        return d;","    }","    function min_depth_rule(idx, visited) {","        if (min_depths_rule[idx] !== undefined) return min_depths_rule[idx];","","        var d = 1;","        for (var i=0; i<rules[idx].symbols.length; i++) {","            var tok = rules[idx].symbols[i];","            if (typeof(tok) === 'string') {","                d = Math.max(d, 1+min_depth_nt(tok, visited));","            }","        }","        min_depths_rule[idx] = d;","        return d;","    }","","    var ret = synth_nt(name, depth);","    return ret;","}","","","","// the main loop","for (var i=0; i<parseInt(opts.count); i++) {","    if (opts.depth === -1) {","        gen(grammar, opts.start ? opts.start : grammar.ParserStart);","    } else {","        output.write(gen2(grammar, opts.start ? opts.start : grammar.ParserStart, opts.depth));","    }","    if (opts.count > 1) output.write(\"\\n\");","}",""],"l":{"3":2,"4":2,"5":2,"6":2,"8":2,"38":0,"43":2,"45":2,"47":1,"51":0,"52":0,"54":0,"55":0,"56":0,"57":0,"58":0,"60":0,"61":0,"64":0,"65":0,"68":0,"70":0,"71":0,"72":0,"73":0,"74":0,"75":0,"76":0,"77":0,"82":1,"89":0,"90":0,"92":1,"93":0,"94":0,"95":0,"96":0,"97":0,"98":0,"99":0,"100":0,"101":0,"105":0,"106":0,"111":0,"112":0,"114":1,"115":0,"116":0,"117":0,"118":0,"119":0,"120":0,"121":0,"122":0,"123":0,"126":0,"128":1,"129":0,"130":0,"132":0,"133":0,"134":0,"135":0,"138":0,"140":1,"141":0,"143":0,"144":0,"145":0,"146":0,"147":0,"150":0,"151":0,"154":0,"155":0,"161":0,"162":0,"163":0,"165":0,"167":0}},"/home/travis/build/npmtest/node-npmtest-nearley/node_modules/nearley/www/main.js":{"path":"/home/travis/build/npmtest/node-npmtest-nearley/node_modules/nearley/www/main.js","s":{"1":2,"2":0,"3":0,"4":0,"5":0,"6":0,"7":0,"8":0,"9":0,"10":0,"11":0},"b":{},"f":{"1":0,"2":0},"fnMap":{"1":{"name":"(anonymous_1)","line":1,"loc":{"start":{"line":1,"column":32},"end":{"line":1,"column":43}}},"2":{"name":"(anonymous_2)","line":4,"loc":{"start":{"line":4,"column":43},"end":{"line":4,"column":54}}}},"statementMap":{"1":{"start":{"line":1,"column":0},"end":{"line":14,"column":10}},"2":{"start":{"line":2,"column":4},"end":{"line":2,"column":64}},"3":{"start":{"line":3,"column":4},"end":{"line":3,"column":66}},"4":{"start":{"line":4,"column":4},"end":{"line":12,"column":14}},"5":{"start":{"line":5,"column":8},"end":{"line":5,"column":37}},"6":{"start":{"line":6,"column":8},"end":{"line":6,"column":82}},"7":{"start":{"line":7,"column":8},"end":{"line":7,"column":40}},"8":{"start":{"line":8,"column":8},"end":{"line":8,"column":39}},"9":{"start":{"line":9,"column":8},"end":{"line":9,"column":43}},"10":{"start":{"line":10,"column":8},"end":{"line":10,"column":36}},"11":{"start":{"line":11,"column":8},"end":{"line":11,"column":82}}},"branchMap":{},"code":["window.addEventListener(\"load\", function() {","    var grammarInput = document.getElementById(\"grammar-input\");","    var compileInput = document.getElementById(\"compile-grammar\");","    compileInput.addEventListener(\"click\", function() {","        var grm = grammarInput.value;","        var parser = new nearley.Parser(grammar.ParserRules, grammar.ParserStart);","        parser.feed(grammarInput.value);","        var result = parser.results[0];","        var compiled = Compile(result, {});","        var js = generate(compiled);","        window.open(\"data:text/javascript;charset=utf-8,\"+encodeURIComponent(js));","    }, false);","","}, false);",""],"l":{"1":2,"2":0,"3":0,"4":0,"5":0,"6":0,"7":0,"8":0,"9":0,"10":0,"11":0}}}